Detecting C [-std=c11] compiler features failed to compile with the following output:
Change Dir: /Users/Kleinman/Documents/Programming/C:C++/DH2323-Computer_Graphics_and_Interaction/cmake-build-debug/CMakeFiles/CMakeTmp

Run Build Command:"/usr/bin/make" "cmTC_d84d5/fast"
/Applications/Xcode.app/Contents/Developer/usr/bin/make -f CMakeFiles/cmTC_d84d5.dir/build.make CMakeFiles/cmTC_d84d5.dir/build
CMakeFiles/cmTC_d84d5.dir/build.make:64: *** target pattern contains no `%'.  Stop.
make: *** [cmTC_d84d5/fast] Error 2



Detecting CXX [-std=c++1z] compiler features failed to compile with the following output:
Change Dir: /Users/Kleinman/Documents/Programming/C:C++/DH2323-Computer_Graphics_and_Interaction/cmake-build-debug/CMakeFiles/CMakeTmp

Run Build Command:"/usr/bin/make" "cmTC_f8eeb/fast"
/Applications/Xcode.app/Contents/Developer/usr/bin/make -f CMakeFiles/cmTC_f8eeb.dir/build.make CMakeFiles/cmTC_f8eeb.dir/build
CMakeFiles/cmTC_f8eeb.dir/build.make:64: *** target pattern contains no `%'.  Stop.
make: *** [cmTC_f8eeb/fast] Error 2



Performing C SOURCE FILE Test HAVE_GCC_PREFERRED_STACK_BOUNDARY failed with the following output:
Change Dir: /Users/Kleinman/Documents/Programming/C:C++/DH2323-Computer_Graphics_and_Interaction/cmake-build-debug/CMakeFiles/CMakeTmp

Run Build Command:"/usr/bin/make" "cmTC_772e9/fast"
/Applications/Xcode.app/Contents/Developer/usr/bin/make -f CMakeFiles/cmTC_772e9.dir/build.make CMakeFiles/cmTC_772e9.dir/build
Building C object CMakeFiles/cmTC_772e9.dir/src.c.o
/Applications/Xcode.app/Contents/Developer/Toolchains/XcodeDefault.xctoolchain/usr/bin/cc   -idirafter /Users/Kleinman/Documents/Programming/C:C++/DH2323-Computer_Graphics_and_Interaction/libraries/SDL2-2.0.9/src/video/khronos -DHAVE_GCC_PREFERRED_STACK_BOUNDARY -mpreferred-stack-boundary=2   -o CMakeFiles/cmTC_772e9.dir/src.c.o   -c /Users/Kleinman/Documents/Programming/C:C++/DH2323-Computer_Graphics_and_Interaction/cmake-build-debug/CMakeFiles/CMakeTmp/src.c
clang: error: unknown argument: '-mpreferred-stack-boundary=2'
make[1]: *** [CMakeFiles/cmTC_772e9.dir/src.c.o] Error 1
make: *** [cmTC_772e9/fast] Error 2

Source file was:
int x = 0; int main(int argc, char **argv) {}
Performing C SOURCE FILE Test HAVE_ALTIVEC_H_HDR failed with the following output:
Change Dir: /Users/Kleinman/Documents/Programming/C:C++/DH2323-Computer_Graphics_and_Interaction/cmake-build-debug/CMakeFiles/CMakeTmp

Run Build Command:"/usr/bin/make" "cmTC_40552/fast"
/Applications/Xcode.app/Contents/Developer/usr/bin/make -f CMakeFiles/cmTC_40552.dir/build.make CMakeFiles/cmTC_40552.dir/build
Building C object CMakeFiles/cmTC_40552.dir/src.c.o
/Applications/Xcode.app/Contents/Developer/Toolchains/XcodeDefault.xctoolchain/usr/bin/cc   -idirafter /Users/Kleinman/Documents/Programming/C:C++/DH2323-Computer_Graphics_and_Interaction/libraries/SDL2-2.0.9/src/video/khronos -DHAVE_ALTIVEC_H_HDR -maltivec   -o CMakeFiles/cmTC_40552.dir/src.c.o   -c /Users/Kleinman/Documents/Programming/C:C++/DH2323-Computer_Graphics_and_Interaction/cmake-build-debug/CMakeFiles/CMakeTmp/src.c
clang: warning: argument unused during compilation: '-maltivec' [-Wunused-command-line-argument]
In file included from /Users/Kleinman/Documents/Programming/C:C++/DH2323-Computer_Graphics_and_Interaction/cmake-build-debug/CMakeFiles/CMakeTmp/src.c:2:
/Applications/Xcode.app/Contents/Developer/Toolchains/XcodeDefault.xctoolchain/usr/lib/clang/10.0.0/include/altivec.h:27:2: error: "AltiVec support not enabled"
#error "AltiVec support not enabled"
 ^
/Applications/Xcode.app/Contents/Developer/Toolchains/XcodeDefault.xctoolchain/usr/lib/clang/10.0.0/include/altivec.h:62:19: error: unknown type name 'vector'
static __inline__ vector signed char __ATTRS_o_ai vec_perm(
                  ^
/Applications/Xcode.app/Contents/Developer/Toolchains/XcodeDefault.xctoolchain/usr/lib/clang/10.0.0/include/altivec.h:62:26: error: expected identifier or '('
static __inline__ vector signed char __ATTRS_o_ai vec_perm(
                         ^
/Applications/Xcode.app/Contents/Developer/Toolchains/XcodeDefault.xctoolchain/usr/lib/clang/10.0.0/include/altivec.h:65:19: error: unknown type name 'vector'
static __inline__ vector unsigned char __ATTRS_o_ai
                  ^
/Applications/Xcode.app/Contents/Developer/Toolchains/XcodeDefault.xctoolchain/usr/lib/clang/10.0.0/include/altivec.h:65:26: error: expected identifier or '('
static __inline__ vector unsigned char __ATTRS_o_ai
                         ^
/Applications/Xcode.app/Contents/Developer/Toolchains/XcodeDefault.xctoolchain/usr/lib/clang/10.0.0/include/altivec.h:69:19: error: unknown type name 'vector'
static __inline__ vector bool char __ATTRS_o_ai
                  ^
/Applications/Xcode.app/Contents/Developer/Toolchains/XcodeDefault.xctoolchain/usr/lib/clang/10.0.0/include/altivec.h:69:8: error: 'inline' can only appear on functions
static __inline__ vector bool char __ATTRS_o_ai
       ^
/Applications/Xcode.app/Contents/Developer/Toolchains/XcodeDefault.xctoolchain/usr/lib/clang/10.0.0/include/altivec.h:69:30: error: expected ';' after top level declarator
static __inline__ vector bool char __ATTRS_o_ai
                             ^
/Applications/Xcode.app/Contents/Developer/Toolchains/XcodeDefault.xctoolchain/usr/lib/clang/10.0.0/include/altivec.h:70:10: error: unknown type name 'vector'
vec_perm(vector bool char __a, vector bool char __b, vector unsigned char __c);
         ^
/Applications/Xcode.app/Contents/Developer/Toolchains/XcodeDefault.xctoolchain/usr/lib/clang/10.0.0/include/altivec.h:70:22: error: expected ')'
vec_perm(vector bool char __a, vector bool char __b, vector unsigned char __c);
                     ^
/Applications/Xcode.app/Contents/Developer/Toolchains/XcodeDefault.xctoolchain/usr/lib/clang/10.0.0/include/altivec.h:70:9: note: to match this '('
vec_perm(vector bool char __a, vector bool char __b, vector unsigned char __c);
        ^
/Applications/Xcode.app/Contents/Developer/Toolchains/XcodeDefault.xctoolchain/usr/lib/clang/10.0.0/include/altivec.h:72:19: error: unknown type name 'vector'
static __inline__ vector short __ATTRS_o_ai vec_perm(vector signed short __a,
                  ^
/Applications/Xcode.app/Contents/Developer/Toolchains/XcodeDefault.xctoolchain/usr/lib/clang/10.0.0/include/altivec.h:72:26: error: expected identifier or '('
static __inline__ vector short __ATTRS_o_ai vec_perm(vector signed short __a,
                         ^
/Applications/Xcode.app/Contents/Developer/Toolchains/XcodeDefault.xctoolchain/usr/lib/clang/10.0.0/include/altivec.h:76:19: error: unknown type name 'vector'
static __inline__ vector unsigned short __ATTRS_o_ai
                  ^
/Applications/Xcode.app/Contents/Developer/Toolchains/XcodeDefault.xctoolchain/usr/lib/clang/10.0.0/include/altivec.h:76:26: error: expected identifier or '('
static __inline__ vector unsigned short __ATTRS_o_ai
                         ^
/Applications/Xcode.app/Contents/Developer/Toolchains/XcodeDefault.xctoolchain/usr/lib/clang/10.0.0/include/altivec.h:80:19: error: unknown type name 'vector'
static __inline__ vector bool short __ATTRS_o_ai vec_perm(
                  ^
/Applications/Xcode.app/Contents/Developer/Toolchains/XcodeDefault.xctoolchain/usr/lib/clang/10.0.0/include/altivec.h:80:8: error: 'inline' can only appear on functions
static __inline__ vector bool short __ATTRS_o_ai vec_perm(
       ^
/Applications/Xcode.app/Contents/Developer/Toolchains/XcodeDefault.xctoolchain/usr/lib/clang/10.0.0/include/altivec.h:80:30: error: expected ';' after top level declarator
static __inline__ vector bool short __ATTRS_o_ai vec_perm(
                             ^
/Applications/Xcode.app/Contents/Developer/Toolchains/XcodeDefault.xctoolchain/usr/lib/clang/10.0.0/include/altivec.h:81:5: error: unknown type name 'vector'
    vector bool short __a, vector bool short __b, vector unsigned char __c);
    ^
/Applications/Xcode.app/Contents/Developer/Toolchains/XcodeDefault.xctoolchain/usr/lib/clang/10.0.0/include/altivec.h:81:17: error: expected ')'
    vector bool short __a, vector bool short __b, vector unsigned char __c);
                ^
/Applications/Xcode.app/Contents/Developer/Toolchains/XcodeDefault.xctoolchain/usr/lib/clang/10.0.0/include/altivec.h:80:58: note: to match this '('
static __inline__ vector bool short __ATTRS_o_ai vec_perm(
                                                         ^
fatal error: too many errors emitted, stopping now [-ferror-limit=]
20 errors generated.
make[1]: *** [CMakeFiles/cmTC_40552.dir/src.c.o] Error 1
make: *** [cmTC_40552/fast] Error 2

Source file was:

          #include <altivec.h>
          vector unsigned int vzero() {
              return vec_splat_u32(0);
          }
          int main(int argc, char **argv) { }
Performing C SOURCE FILE Test HAVE_ALTIVEC failed with the following output:
Change Dir: /Users/Kleinman/Documents/Programming/C:C++/DH2323-Computer_Graphics_and_Interaction/cmake-build-debug/CMakeFiles/CMakeTmp

Run Build Command:"/usr/bin/make" "cmTC_7409f/fast"
/Applications/Xcode.app/Contents/Developer/usr/bin/make -f CMakeFiles/cmTC_7409f.dir/build.make CMakeFiles/cmTC_7409f.dir/build
Building C object CMakeFiles/cmTC_7409f.dir/src.c.o
/Applications/Xcode.app/Contents/Developer/Toolchains/XcodeDefault.xctoolchain/usr/bin/cc   -idirafter /Users/Kleinman/Documents/Programming/C:C++/DH2323-Computer_Graphics_and_Interaction/libraries/SDL2-2.0.9/src/video/khronos -DHAVE_ALTIVEC -maltivec   -o CMakeFiles/cmTC_7409f.dir/src.c.o   -c /Users/Kleinman/Documents/Programming/C:C++/DH2323-Computer_Graphics_and_Interaction/cmake-build-debug/CMakeFiles/CMakeTmp/src.c
clang: warning: argument unused during compilation: '-maltivec' [-Wunused-command-line-argument]
/Users/Kleinman/Documents/Programming/C:C++/DH2323-Computer_Graphics_and_Interaction/cmake-build-debug/CMakeFiles/CMakeTmp/src.c:2:11: error: unknown type name 'vector'
          vector unsigned int vzero() {
          ^
/Users/Kleinman/Documents/Programming/C:C++/DH2323-Computer_Graphics_and_Interaction/cmake-build-debug/CMakeFiles/CMakeTmp/src.c:2:18: error: expected identifier or '('
          vector unsigned int vzero() {
                 ^
2 errors generated.
make[1]: *** [CMakeFiles/cmTC_7409f.dir/src.c.o] Error 1
make: *** [cmTC_7409f/fast] Error 2

Source file was:

          vector unsigned int vzero() {
              return vec_splat_u32(0);
          }
          int main(int argc, char **argv) { }
Determining if the include file malloc.h exists failed with the following output:
Change Dir: /Users/Kleinman/Documents/Programming/C:C++/DH2323-Computer_Graphics_and_Interaction/cmake-build-debug/CMakeFiles/CMakeTmp

Run Build Command:"/usr/bin/make" "cmTC_c1f3e/fast"
/Applications/Xcode.app/Contents/Developer/usr/bin/make -f CMakeFiles/cmTC_c1f3e.dir/build.make CMakeFiles/cmTC_c1f3e.dir/build
Building C object CMakeFiles/cmTC_c1f3e.dir/CheckIncludeFile.c.o
/Applications/Xcode.app/Contents/Developer/Toolchains/XcodeDefault.xctoolchain/usr/bin/cc   -idirafter /Users/Kleinman/Documents/Programming/C:C++/DH2323-Computer_Graphics_and_Interaction/libraries/SDL2-2.0.9/src/video/khronos    -o CMakeFiles/cmTC_c1f3e.dir/CheckIncludeFile.c.o   -c /Users/Kleinman/Documents/Programming/C:C++/DH2323-Computer_Graphics_and_Interaction/cmake-build-debug/CMakeFiles/CMakeTmp/CheckIncludeFile.c
/Users/Kleinman/Documents/Programming/C:C++/DH2323-Computer_Graphics_and_Interaction/cmake-build-debug/CMakeFiles/CMakeTmp/CheckIncludeFile.c:1:10: fatal error: 'malloc.h' file not found
#include <malloc.h>
         ^~~~~~~~~~
1 error generated.
make[1]: *** [CMakeFiles/cmTC_c1f3e.dir/CheckIncludeFile.c.o] Error 1
make: *** [cmTC_c1f3e/fast] Error 2


Determining if files dlfcn.h;stdint.h;stddef.h;inttypes.h;stdlib.h;strings.h;string.h;float.h exist failed with the following output:
Change Dir: /Users/Kleinman/Documents/Programming/C:C++/DH2323-Computer_Graphics_and_Interaction/cmake-build-debug/CMakeFiles/CMakeTmp

Run Build Command:"/usr/bin/make" "cmTC_de764/fast"
/Applications/Xcode.app/Contents/Developer/usr/bin/make -f CMakeFiles/cmTC_de764.dir/build.make CMakeFiles/cmTC_de764.dir/build
CMakeFiles/cmTC_de764.dir/build.make:64: *** target pattern contains no `%'.  Stop.
make: *** [cmTC_de764/fast] Error 2

Source:
/* */
#include <dlfcn.h>
#include <stdint.h>
#include <stddef.h>
#include <inttypes.h>
#include <stdlib.h>
#include <strings.h>
#include <string.h>
#include <float.h>


int main(void){return 0;}

Determining size of size_t failed with the following output:
Change Dir: /Users/Kleinman/Documents/Programming/C:C++/DH2323-Computer_Graphics_and_Interaction/cmake-build-debug/CMakeFiles/CMakeTmp

Run Build Command:"/usr/bin/make" "cmTC_5a8f8/fast"
/Applications/Xcode.app/Contents/Developer/usr/bin/make -f CMakeFiles/cmTC_5a8f8.dir/build.make CMakeFiles/cmTC_5a8f8.dir/build
CMakeFiles/cmTC_5a8f8.dir/build.make:64: *** target pattern contains no `%'.  Stop.
make: *** [cmTC_5a8f8/fast] Error 2

/Users/Kleinman/Documents/Programming/C:C++/DH2323-Computer_Graphics_and_Interaction/cmake-build-debug/CMakeFiles/CheckTypeSize/SIZEOF_SIZE_T.c:
#include <sys/types.h>
#include <stdint.h>
#include <stddef.h>


#undef KEY
#if defined(__i386)
# define KEY '_','_','i','3','8','6'
#elif defined(__x86_64)
# define KEY '_','_','x','8','6','_','6','4'
#elif defined(__ppc__)
# define KEY '_','_','p','p','c','_','_'
#elif defined(__ppc64__)
# define KEY '_','_','p','p','c','6','4','_','_'
#elif defined(__aarch64__)
# define KEY '_','_','a','a','r','c','h','6','4','_','_'
#elif defined(__ARM_ARCH_7A__)
# define KEY '_','_','A','R','M','_','A','R','C','H','_','7','A','_','_'
#elif defined(__ARM_ARCH_7S__)
# define KEY '_','_','A','R','M','_','A','R','C','H','_','7','S','_','_'
#endif

#define SIZE (sizeof(size_t))
char info_size[] =  {'I', 'N', 'F', 'O', ':', 's','i','z','e','[',
  ('0' + ((SIZE / 10000)%10)),
  ('0' + ((SIZE / 1000)%10)),
  ('0' + ((SIZE / 100)%10)),
  ('0' + ((SIZE / 10)%10)),
  ('0' +  (SIZE    % 10)),
  ']',
#ifdef KEY
  ' ','k','e','y','[', KEY, ']',
#endif
  '\0'};

#ifdef __CLASSIC_C__
int main(argc, argv) int argc; char *argv[];
#else
int main(int argc, char *argv[])
#endif
{
  int require = 0;
  require += info_size[argc];
  (void)argv;
  return require;
}


Performing C SOURCE FILE Test HAVE_GCC_PREFERRED_STACK_BOUNDARY failed with the following output:
Change Dir: /Users/Kleinman/Documents/Programming/C:C++/DH2323-Computer_Graphics_and_Interaction/cmake-build-debug/CMakeFiles/CMakeTmp

Run Build Command:"/usr/bin/make" "cmTC_b1ffd/fast"
/Applications/Xcode.app/Contents/Developer/usr/bin/make -f CMakeFiles/cmTC_b1ffd.dir/build.make CMakeFiles/cmTC_b1ffd.dir/build
Building C object CMakeFiles/cmTC_b1ffd.dir/src.c.o
/Applications/Xcode.app/Contents/Developer/Toolchains/XcodeDefault.xctoolchain/usr/bin/cc   -idirafter /Users/Kleinman/Documents/Programming/C:C++/DH2323-Computer_Graphics_and_Interaction/libraries/SDL2-2.0.9/src/video/khronos -DHAVE_GCC_PREFERRED_STACK_BOUNDARY -mpreferred-stack-boundary=2   -o CMakeFiles/cmTC_b1ffd.dir/src.c.o   -c /Users/Kleinman/Documents/Programming/C:C++/DH2323-Computer_Graphics_and_Interaction/cmake-build-debug/CMakeFiles/CMakeTmp/src.c
clang: error: unknown argument: '-mpreferred-stack-boundary=2'
make[1]: *** [CMakeFiles/cmTC_b1ffd.dir/src.c.o] Error 1
make: *** [cmTC_b1ffd/fast] Error 2

Source file was:
int x = 0; int main(int argc, char **argv) {}
Performing C SOURCE FILE Test HAVE_ALTIVEC_H_HDR failed with the following output:
Change Dir: /Users/Kleinman/Documents/Programming/C:C++/DH2323-Computer_Graphics_and_Interaction/cmake-build-debug/CMakeFiles/CMakeTmp

Run Build Command:"/usr/bin/make" "cmTC_dbcd4/fast"
/Applications/Xcode.app/Contents/Developer/usr/bin/make -f CMakeFiles/cmTC_dbcd4.dir/build.make CMakeFiles/cmTC_dbcd4.dir/build
Building C object CMakeFiles/cmTC_dbcd4.dir/src.c.o
/Applications/Xcode.app/Contents/Developer/Toolchains/XcodeDefault.xctoolchain/usr/bin/cc   -idirafter /Users/Kleinman/Documents/Programming/C:C++/DH2323-Computer_Graphics_and_Interaction/libraries/SDL2-2.0.9/src/video/khronos -DHAVE_ALTIVEC_H_HDR -maltivec   -o CMakeFiles/cmTC_dbcd4.dir/src.c.o   -c /Users/Kleinman/Documents/Programming/C:C++/DH2323-Computer_Graphics_and_Interaction/cmake-build-debug/CMakeFiles/CMakeTmp/src.c
clang: warning: argument unused during compilation: '-maltivec' [-Wunused-command-line-argument]
In file included from /Users/Kleinman/Documents/Programming/C:C++/DH2323-Computer_Graphics_and_Interaction/cmake-build-debug/CMakeFiles/CMakeTmp/src.c:2:
/Applications/Xcode.app/Contents/Developer/Toolchains/XcodeDefault.xctoolchain/usr/lib/clang/10.0.0/include/altivec.h:27:2: error: "AltiVec support not enabled"
#error "AltiVec support not enabled"
 ^
/Applications/Xcode.app/Contents/Developer/Toolchains/XcodeDefault.xctoolchain/usr/lib/clang/10.0.0/include/altivec.h:62:19: error: unknown type name 'vector'
static __inline__ vector signed char __ATTRS_o_ai vec_perm(
                  ^
/Applications/Xcode.app/Contents/Developer/Toolchains/XcodeDefault.xctoolchain/usr/lib/clang/10.0.0/include/altivec.h:62:26: error: expected identifier or '('
static __inline__ vector signed char __ATTRS_o_ai vec_perm(
                         ^
/Applications/Xcode.app/Contents/Developer/Toolchains/XcodeDefault.xctoolchain/usr/lib/clang/10.0.0/include/altivec.h:65:19: error: unknown type name 'vector'
static __inline__ vector unsigned char __ATTRS_o_ai
                  ^
/Applications/Xcode.app/Contents/Developer/Toolchains/XcodeDefault.xctoolchain/usr/lib/clang/10.0.0/include/altivec.h:65:26: error: expected identifier or '('
static __inline__ vector unsigned char __ATTRS_o_ai
                         ^
/Applications/Xcode.app/Contents/Developer/Toolchains/XcodeDefault.xctoolchain/usr/lib/clang/10.0.0/include/altivec.h:69:19: error: unknown type name 'vector'
static __inline__ vector bool char __ATTRS_o_ai
                  ^
/Applications/Xcode.app/Contents/Developer/Toolchains/XcodeDefault.xctoolchain/usr/lib/clang/10.0.0/include/altivec.h:69:8: error: 'inline' can only appear on functions
static __inline__ vector bool char __ATTRS_o_ai
       ^
/Applications/Xcode.app/Contents/Developer/Toolchains/XcodeDefault.xctoolchain/usr/lib/clang/10.0.0/include/altivec.h:69:30: error: expected ';' after top level declarator
static __inline__ vector bool char __ATTRS_o_ai
                             ^
/Applications/Xcode.app/Contents/Developer/Toolchains/XcodeDefault.xctoolchain/usr/lib/clang/10.0.0/include/altivec.h:70:10: error: unknown type name 'vector'
vec_perm(vector bool char __a, vector bool char __b, vector unsigned char __c);
         ^
/Applications/Xcode.app/Contents/Developer/Toolchains/XcodeDefault.xctoolchain/usr/lib/clang/10.0.0/include/altivec.h:70:22: error: expected ')'
vec_perm(vector bool char __a, vector bool char __b, vector unsigned char __c);
                     ^
/Applications/Xcode.app/Contents/Developer/Toolchains/XcodeDefault.xctoolchain/usr/lib/clang/10.0.0/include/altivec.h:70:9: note: to match this '('
vec_perm(vector bool char __a, vector bool char __b, vector unsigned char __c);
        ^
/Applications/Xcode.app/Contents/Developer/Toolchains/XcodeDefault.xctoolchain/usr/lib/clang/10.0.0/include/altivec.h:72:19: error: unknown type name 'vector'
static __inline__ vector short __ATTRS_o_ai vec_perm(vector signed short __a,
                  ^
/Applications/Xcode.app/Contents/Developer/Toolchains/XcodeDefault.xctoolchain/usr/lib/clang/10.0.0/include/altivec.h:72:26: error: expected identifier or '('
static __inline__ vector short __ATTRS_o_ai vec_perm(vector signed short __a,
                         ^
/Applications/Xcode.app/Contents/Developer/Toolchains/XcodeDefault.xctoolchain/usr/lib/clang/10.0.0/include/altivec.h:76:19: error: unknown type name 'vector'
static __inline__ vector unsigned short __ATTRS_o_ai
                  ^
/Applications/Xcode.app/Contents/Developer/Toolchains/XcodeDefault.xctoolchain/usr/lib/clang/10.0.0/include/altivec.h:76:26: error: expected identifier or '('
static __inline__ vector unsigned short __ATTRS_o_ai
                         ^
/Applications/Xcode.app/Contents/Developer/Toolchains/XcodeDefault.xctoolchain/usr/lib/clang/10.0.0/include/altivec.h:80:19: error: unknown type name 'vector'
static __inline__ vector bool short __ATTRS_o_ai vec_perm(
                  ^
/Applications/Xcode.app/Contents/Developer/Toolchains/XcodeDefault.xctoolchain/usr/lib/clang/10.0.0/include/altivec.h:80:8: error: 'inline' can only appear on functions
static __inline__ vector bool short __ATTRS_o_ai vec_perm(
       ^
/Applications/Xcode.app/Contents/Developer/Toolchains/XcodeDefault.xctoolchain/usr/lib/clang/10.0.0/include/altivec.h:80:30: error: expected ';' after top level declarator
static __inline__ vector bool short __ATTRS_o_ai vec_perm(
                             ^
/Applications/Xcode.app/Contents/Developer/Toolchains/XcodeDefault.xctoolchain/usr/lib/clang/10.0.0/include/altivec.h:81:5: error: unknown type name 'vector'
    vector bool short __a, vector bool short __b, vector unsigned char __c);
    ^
/Applications/Xcode.app/Contents/Developer/Toolchains/XcodeDefault.xctoolchain/usr/lib/clang/10.0.0/include/altivec.h:81:17: error: expected ')'
    vector bool short __a, vector bool short __b, vector unsigned char __c);
                ^
/Applications/Xcode.app/Contents/Developer/Toolchains/XcodeDefault.xctoolchain/usr/lib/clang/10.0.0/include/altivec.h:80:58: note: to match this '('
static __inline__ vector bool short __ATTRS_o_ai vec_perm(
                                                         ^
fatal error: too many errors emitted, stopping now [-ferror-limit=]
20 errors generated.
make[1]: *** [CMakeFiles/cmTC_dbcd4.dir/src.c.o] Error 1
make: *** [cmTC_dbcd4/fast] Error 2

Source file was:

          #include <altivec.h>
          vector unsigned int vzero() {
              return vec_splat_u32(0);
          }
          int main(int argc, char **argv) { }
Performing C SOURCE FILE Test HAVE_ALTIVEC failed with the following output:
Change Dir: /Users/Kleinman/Documents/Programming/C:C++/DH2323-Computer_Graphics_and_Interaction/cmake-build-debug/CMakeFiles/CMakeTmp

Run Build Command:"/usr/bin/make" "cmTC_d5ceb/fast"
/Applications/Xcode.app/Contents/Developer/usr/bin/make -f CMakeFiles/cmTC_d5ceb.dir/build.make CMakeFiles/cmTC_d5ceb.dir/build
Building C object CMakeFiles/cmTC_d5ceb.dir/src.c.o
/Applications/Xcode.app/Contents/Developer/Toolchains/XcodeDefault.xctoolchain/usr/bin/cc   -idirafter /Users/Kleinman/Documents/Programming/C:C++/DH2323-Computer_Graphics_and_Interaction/libraries/SDL2-2.0.9/src/video/khronos -DHAVE_ALTIVEC -maltivec   -o CMakeFiles/cmTC_d5ceb.dir/src.c.o   -c /Users/Kleinman/Documents/Programming/C:C++/DH2323-Computer_Graphics_and_Interaction/cmake-build-debug/CMakeFiles/CMakeTmp/src.c
clang: warning: argument unused during compilation: '-maltivec' [-Wunused-command-line-argument]
/Users/Kleinman/Documents/Programming/C:C++/DH2323-Computer_Graphics_and_Interaction/cmake-build-debug/CMakeFiles/CMakeTmp/src.c:2:11: error: unknown type name 'vector'
          vector unsigned int vzero() {
          ^
/Users/Kleinman/Documents/Programming/C:C++/DH2323-Computer_Graphics_and_Interaction/cmake-build-debug/CMakeFiles/CMakeTmp/src.c:2:18: error: expected identifier or '('
          vector unsigned int vzero() {
                 ^
2 errors generated.
make[1]: *** [CMakeFiles/cmTC_d5ceb.dir/src.c.o] Error 1
make: *** [cmTC_d5ceb/fast] Error 2

Source file was:

          vector unsigned int vzero() {
              return vec_splat_u32(0);
          }
          int main(int argc, char **argv) { }
Determining if the include file malloc.h exists failed with the following output:
Change Dir: /Users/Kleinman/Documents/Programming/C:C++/DH2323-Computer_Graphics_and_Interaction/cmake-build-debug/CMakeFiles/CMakeTmp

Run Build Command:"/usr/bin/make" "cmTC_51068/fast"
/Applications/Xcode.app/Contents/Developer/usr/bin/make -f CMakeFiles/cmTC_51068.dir/build.make CMakeFiles/cmTC_51068.dir/build
Building C object CMakeFiles/cmTC_51068.dir/CheckIncludeFile.c.o
/Applications/Xcode.app/Contents/Developer/Toolchains/XcodeDefault.xctoolchain/usr/bin/cc   -idirafter /Users/Kleinman/Documents/Programming/C:C++/DH2323-Computer_Graphics_and_Interaction/libraries/SDL2-2.0.9/src/video/khronos    -o CMakeFiles/cmTC_51068.dir/CheckIncludeFile.c.o   -c /Users/Kleinman/Documents/Programming/C:C++/DH2323-Computer_Graphics_and_Interaction/cmake-build-debug/CMakeFiles/CMakeTmp/CheckIncludeFile.c
/Users/Kleinman/Documents/Programming/C:C++/DH2323-Computer_Graphics_and_Interaction/cmake-build-debug/CMakeFiles/CMakeTmp/CheckIncludeFile.c:1:10: fatal error: 'malloc.h' file not found
#include <malloc.h>
         ^~~~~~~~~~
1 error generated.
make[1]: *** [CMakeFiles/cmTC_51068.dir/CheckIncludeFile.c.o] Error 1
make: *** [cmTC_51068/fast] Error 2


Determining if files dlfcn.h;stdint.h;stddef.h;inttypes.h;stdlib.h;strings.h;string.h;float.h exist failed with the following output:
Change Dir: /Users/Kleinman/Documents/Programming/C:C++/DH2323-Computer_Graphics_and_Interaction/cmake-build-debug/CMakeFiles/CMakeTmp

Run Build Command:"/usr/bin/make" "cmTC_102ee/fast"
/Applications/Xcode.app/Contents/Developer/usr/bin/make -f CMakeFiles/cmTC_102ee.dir/build.make CMakeFiles/cmTC_102ee.dir/build
CMakeFiles/cmTC_102ee.dir/build.make:64: *** target pattern contains no `%'.  Stop.
make: *** [cmTC_102ee/fast] Error 2

Source:
/* */
#include <dlfcn.h>
#include <stdint.h>
#include <stddef.h>
#include <inttypes.h>
#include <stdlib.h>
#include <strings.h>
#include <string.h>
#include <float.h>


int main(void){return 0;}

Determining size of size_t failed with the following output:
Change Dir: /Users/Kleinman/Documents/Programming/C:C++/DH2323-Computer_Graphics_and_Interaction/cmake-build-debug/CMakeFiles/CMakeTmp

Run Build Command:"/usr/bin/make" "cmTC_bbc49/fast"
/Applications/Xcode.app/Contents/Developer/usr/bin/make -f CMakeFiles/cmTC_bbc49.dir/build.make CMakeFiles/cmTC_bbc49.dir/build
CMakeFiles/cmTC_bbc49.dir/build.make:64: *** target pattern contains no `%'.  Stop.
make: *** [cmTC_bbc49/fast] Error 2

/Users/Kleinman/Documents/Programming/C:C++/DH2323-Computer_Graphics_and_Interaction/cmake-build-debug/CMakeFiles/CheckTypeSize/SIZEOF_SIZE_T.c:
#include <sys/types.h>
#include <stdint.h>
#include <stddef.h>


#undef KEY
#if defined(__i386)
# define KEY '_','_','i','3','8','6'
#elif defined(__x86_64)
# define KEY '_','_','x','8','6','_','6','4'
#elif defined(__ppc__)
# define KEY '_','_','p','p','c','_','_'
#elif defined(__ppc64__)
# define KEY '_','_','p','p','c','6','4','_','_'
#elif defined(__aarch64__)
# define KEY '_','_','a','a','r','c','h','6','4','_','_'
#elif defined(__ARM_ARCH_7A__)
# define KEY '_','_','A','R','M','_','A','R','C','H','_','7','A','_','_'
#elif defined(__ARM_ARCH_7S__)
# define KEY '_','_','A','R','M','_','A','R','C','H','_','7','S','_','_'
#endif

#define SIZE (sizeof(size_t))
char info_size[] =  {'I', 'N', 'F', 'O', ':', 's','i','z','e','[',
  ('0' + ((SIZE / 10000)%10)),
  ('0' + ((SIZE / 1000)%10)),
  ('0' + ((SIZE / 100)%10)),
  ('0' + ((SIZE / 10)%10)),
  ('0' +  (SIZE    % 10)),
  ']',
#ifdef KEY
  ' ','k','e','y','[', KEY, ']',
#endif
  '\0'};

#ifdef __CLASSIC_C__
int main(argc, argv) int argc; char *argv[];
#else
int main(int argc, char *argv[])
#endif
{
  int require = 0;
  require += info_size[argc];
  (void)argv;
  return require;
}


Determining if the function _strrev exists failed with the following output:
Change Dir: /Users/Kleinman/Documents/Programming/C:C++/DH2323-Computer_Graphics_and_Interaction/cmake-build-debug/CMakeFiles/CMakeTmp

Run Build Command:"/usr/bin/make" "cmTC_52619/fast"
/Applications/Xcode.app/Contents/Developer/usr/bin/make -f CMakeFiles/cmTC_52619.dir/build.make CMakeFiles/cmTC_52619.dir/build
Building C object CMakeFiles/cmTC_52619.dir/CheckFunctionExists.c.o
/Applications/Xcode.app/Contents/Developer/Toolchains/XcodeDefault.xctoolchain/usr/bin/cc   -idirafter /Users/Kleinman/Documents/Programming/C:C++/DH2323-Computer_Graphics_and_Interaction/libraries/SDL2-2.0.9/src/video/khronos -DCHECK_FUNCTION_EXISTS=_strrev   -o CMakeFiles/cmTC_52619.dir/CheckFunctionExists.c.o   -c /Applications/CLion.app/Contents/bin/cmake/mac/share/cmake-3.13/Modules/CheckFunctionExists.c
Linking C executable cmTC_52619
/Applications/CLion.app/Contents/bin/cmake/mac/bin/cmake -E cmake_link_script CMakeFiles/cmTC_52619.dir/link.txt --verbose=1
/Applications/Xcode.app/Contents/Developer/Toolchains/XcodeDefault.xctoolchain/usr/bin/cc  -idirafter /Users/Kleinman/Documents/Programming/C:C++/DH2323-Computer_Graphics_and_Interaction/libraries/SDL2-2.0.9/src/video/khronos -DCHECK_FUNCTION_EXISTS=_strrev -Wl,-search_paths_first -Wl,-headerpad_max_install_names   CMakeFiles/cmTC_52619.dir/CheckFunctionExists.c.o  -o cmTC_52619 
Undefined symbols for architecture x86_64:
  "__strrev", referenced from:
      _main in CheckFunctionExists.c.o
ld: symbol(s) not found for architecture x86_64
clang: error: linker command failed with exit code 1 (use -v to see invocation)
make[1]: *** [cmTC_52619] Error 1
make: *** [cmTC_52619/fast] Error 2


Determining if the function _strupr exists failed with the following output:
Change Dir: /Users/Kleinman/Documents/Programming/C:C++/DH2323-Computer_Graphics_and_Interaction/cmake-build-debug/CMakeFiles/CMakeTmp

Run Build Command:"/usr/bin/make" "cmTC_4eb1c/fast"
/Applications/Xcode.app/Contents/Developer/usr/bin/make -f CMakeFiles/cmTC_4eb1c.dir/build.make CMakeFiles/cmTC_4eb1c.dir/build
Building C object CMakeFiles/cmTC_4eb1c.dir/CheckFunctionExists.c.o
/Applications/Xcode.app/Contents/Developer/Toolchains/XcodeDefault.xctoolchain/usr/bin/cc   -idirafter /Users/Kleinman/Documents/Programming/C:C++/DH2323-Computer_Graphics_and_Interaction/libraries/SDL2-2.0.9/src/video/khronos -DCHECK_FUNCTION_EXISTS=_strupr   -o CMakeFiles/cmTC_4eb1c.dir/CheckFunctionExists.c.o   -c /Applications/CLion.app/Contents/bin/cmake/mac/share/cmake-3.13/Modules/CheckFunctionExists.c
Linking C executable cmTC_4eb1c
/Applications/CLion.app/Contents/bin/cmake/mac/bin/cmake -E cmake_link_script CMakeFiles/cmTC_4eb1c.dir/link.txt --verbose=1
/Applications/Xcode.app/Contents/Developer/Toolchains/XcodeDefault.xctoolchain/usr/bin/cc  -idirafter /Users/Kleinman/Documents/Programming/C:C++/DH2323-Computer_Graphics_and_Interaction/libraries/SDL2-2.0.9/src/video/khronos -DCHECK_FUNCTION_EXISTS=_strupr -Wl,-search_paths_first -Wl,-headerpad_max_install_names   CMakeFiles/cmTC_4eb1c.dir/CheckFunctionExists.c.o  -o cmTC_4eb1c 
Undefined symbols for architecture x86_64:
  "__strupr", referenced from:
      _main in CheckFunctionExists.c.o
ld: symbol(s) not found for architecture x86_64
clang: error: linker command failed with exit code 1 (use -v to see invocation)
make[1]: *** [cmTC_4eb1c] Error 1
make: *** [cmTC_4eb1c/fast] Error 2


Determining if the function _strlwr exists failed with the following output:
Change Dir: /Users/Kleinman/Documents/Programming/C:C++/DH2323-Computer_Graphics_and_Interaction/cmake-build-debug/CMakeFiles/CMakeTmp

Run Build Command:"/usr/bin/make" "cmTC_05f65/fast"
/Applications/Xcode.app/Contents/Developer/usr/bin/make -f CMakeFiles/cmTC_05f65.dir/build.make CMakeFiles/cmTC_05f65.dir/build
Building C object CMakeFiles/cmTC_05f65.dir/CheckFunctionExists.c.o
/Applications/Xcode.app/Contents/Developer/Toolchains/XcodeDefault.xctoolchain/usr/bin/cc   -idirafter /Users/Kleinman/Documents/Programming/C:C++/DH2323-Computer_Graphics_and_Interaction/libraries/SDL2-2.0.9/src/video/khronos -DCHECK_FUNCTION_EXISTS=_strlwr   -o CMakeFiles/cmTC_05f65.dir/CheckFunctionExists.c.o   -c /Applications/CLion.app/Contents/bin/cmake/mac/share/cmake-3.13/Modules/CheckFunctionExists.c
Linking C executable cmTC_05f65
/Applications/CLion.app/Contents/bin/cmake/mac/bin/cmake -E cmake_link_script CMakeFiles/cmTC_05f65.dir/link.txt --verbose=1
/Applications/Xcode.app/Contents/Developer/Toolchains/XcodeDefault.xctoolchain/usr/bin/cc  -idirafter /Users/Kleinman/Documents/Programming/C:C++/DH2323-Computer_Graphics_and_Interaction/libraries/SDL2-2.0.9/src/video/khronos -DCHECK_FUNCTION_EXISTS=_strlwr -Wl,-search_paths_first -Wl,-headerpad_max_install_names   CMakeFiles/cmTC_05f65.dir/CheckFunctionExists.c.o  -o cmTC_05f65 
Undefined symbols for architecture x86_64:
  "__strlwr", referenced from:
      _main in CheckFunctionExists.c.o
ld: symbol(s) not found for architecture x86_64
clang: error: linker command failed with exit code 1 (use -v to see invocation)
make[1]: *** [cmTC_05f65] Error 1
make: *** [cmTC_05f65/fast] Error 2


Determining if the function itoa exists failed with the following output:
Change Dir: /Users/Kleinman/Documents/Programming/C:C++/DH2323-Computer_Graphics_and_Interaction/cmake-build-debug/CMakeFiles/CMakeTmp

Run Build Command:"/usr/bin/make" "cmTC_1d891/fast"
/Applications/Xcode.app/Contents/Developer/usr/bin/make -f CMakeFiles/cmTC_1d891.dir/build.make CMakeFiles/cmTC_1d891.dir/build
Building C object CMakeFiles/cmTC_1d891.dir/CheckFunctionExists.c.o
/Applications/Xcode.app/Contents/Developer/Toolchains/XcodeDefault.xctoolchain/usr/bin/cc   -idirafter /Users/Kleinman/Documents/Programming/C:C++/DH2323-Computer_Graphics_and_Interaction/libraries/SDL2-2.0.9/src/video/khronos -DCHECK_FUNCTION_EXISTS=itoa   -o CMakeFiles/cmTC_1d891.dir/CheckFunctionExists.c.o   -c /Applications/CLion.app/Contents/bin/cmake/mac/share/cmake-3.13/Modules/CheckFunctionExists.c
Linking C executable cmTC_1d891
/Applications/CLion.app/Contents/bin/cmake/mac/bin/cmake -E cmake_link_script CMakeFiles/cmTC_1d891.dir/link.txt --verbose=1
/Applications/Xcode.app/Contents/Developer/Toolchains/XcodeDefault.xctoolchain/usr/bin/cc  -idirafter /Users/Kleinman/Documents/Programming/C:C++/DH2323-Computer_Graphics_and_Interaction/libraries/SDL2-2.0.9/src/video/khronos -DCHECK_FUNCTION_EXISTS=itoa -Wl,-search_paths_first -Wl,-headerpad_max_install_names   CMakeFiles/cmTC_1d891.dir/CheckFunctionExists.c.o  -o cmTC_1d891 
Undefined symbols for architecture x86_64:
  "_itoa", referenced from:
      _main in CheckFunctionExists.c.o
ld: symbol(s) not found for architecture x86_64
clang: error: linker command failed with exit code 1 (use -v to see invocation)
make[1]: *** [cmTC_1d891] Error 1
make: *** [cmTC_1d891/fast] Error 2


Determining if the function _ltoa exists failed with the following output:
Change Dir: /Users/Kleinman/Documents/Programming/C:C++/DH2323-Computer_Graphics_and_Interaction/cmake-build-debug/CMakeFiles/CMakeTmp

Run Build Command:"/usr/bin/make" "cmTC_2bd05/fast"
/Applications/Xcode.app/Contents/Developer/usr/bin/make -f CMakeFiles/cmTC_2bd05.dir/build.make CMakeFiles/cmTC_2bd05.dir/build
Building C object CMakeFiles/cmTC_2bd05.dir/CheckFunctionExists.c.o
/Applications/Xcode.app/Contents/Developer/Toolchains/XcodeDefault.xctoolchain/usr/bin/cc   -idirafter /Users/Kleinman/Documents/Programming/C:C++/DH2323-Computer_Graphics_and_Interaction/libraries/SDL2-2.0.9/src/video/khronos -DCHECK_FUNCTION_EXISTS=_ltoa   -o CMakeFiles/cmTC_2bd05.dir/CheckFunctionExists.c.o   -c /Applications/CLion.app/Contents/bin/cmake/mac/share/cmake-3.13/Modules/CheckFunctionExists.c
Linking C executable cmTC_2bd05
/Applications/CLion.app/Contents/bin/cmake/mac/bin/cmake -E cmake_link_script CMakeFiles/cmTC_2bd05.dir/link.txt --verbose=1
/Applications/Xcode.app/Contents/Developer/Toolchains/XcodeDefault.xctoolchain/usr/bin/cc  -idirafter /Users/Kleinman/Documents/Programming/C:C++/DH2323-Computer_Graphics_and_Interaction/libraries/SDL2-2.0.9/src/video/khronos -DCHECK_FUNCTION_EXISTS=_ltoa -Wl,-search_paths_first -Wl,-headerpad_max_install_names   CMakeFiles/cmTC_2bd05.dir/CheckFunctionExists.c.o  -o cmTC_2bd05 
Undefined symbols for architecture x86_64:
  "__ltoa", referenced from:
      _main in CheckFunctionExists.c.o
ld: symbol(s) not found for architecture x86_64
clang: error: linker command failed with exit code 1 (use -v to see invocation)
make[1]: *** [cmTC_2bd05] Error 1
make: *** [cmTC_2bd05/fast] Error 2


Determining if the function _uitoa exists failed with the following output:
Change Dir: /Users/Kleinman/Documents/Programming/C:C++/DH2323-Computer_Graphics_and_Interaction/cmake-build-debug/CMakeFiles/CMakeTmp

Run Build Command:"/usr/bin/make" "cmTC_98d7b/fast"
/Applications/Xcode.app/Contents/Developer/usr/bin/make -f CMakeFiles/cmTC_98d7b.dir/build.make CMakeFiles/cmTC_98d7b.dir/build
Building C object CMakeFiles/cmTC_98d7b.dir/CheckFunctionExists.c.o
/Applications/Xcode.app/Contents/Developer/Toolchains/XcodeDefault.xctoolchain/usr/bin/cc   -idirafter /Users/Kleinman/Documents/Programming/C:C++/DH2323-Computer_Graphics_and_Interaction/libraries/SDL2-2.0.9/src/video/khronos -DCHECK_FUNCTION_EXISTS=_uitoa   -o CMakeFiles/cmTC_98d7b.dir/CheckFunctionExists.c.o   -c /Applications/CLion.app/Contents/bin/cmake/mac/share/cmake-3.13/Modules/CheckFunctionExists.c
Linking C executable cmTC_98d7b
/Applications/CLion.app/Contents/bin/cmake/mac/bin/cmake -E cmake_link_script CMakeFiles/cmTC_98d7b.dir/link.txt --verbose=1
/Applications/Xcode.app/Contents/Developer/Toolchains/XcodeDefault.xctoolchain/usr/bin/cc  -idirafter /Users/Kleinman/Documents/Programming/C:C++/DH2323-Computer_Graphics_and_Interaction/libraries/SDL2-2.0.9/src/video/khronos -DCHECK_FUNCTION_EXISTS=_uitoa -Wl,-search_paths_first -Wl,-headerpad_max_install_names   CMakeFiles/cmTC_98d7b.dir/CheckFunctionExists.c.o  -o cmTC_98d7b 
Undefined symbols for architecture x86_64:
  "__uitoa", referenced from:
      _main in CheckFunctionExists.c.o
ld: symbol(s) not found for architecture x86_64
clang: error: linker command failed with exit code 1 (use -v to see invocation)
make[1]: *** [cmTC_98d7b] Error 1
make: *** [cmTC_98d7b/fast] Error 2


Determining if the function _ultoa exists failed with the following output:
Change Dir: /Users/Kleinman/Documents/Programming/C:C++/DH2323-Computer_Graphics_and_Interaction/cmake-build-debug/CMakeFiles/CMakeTmp

Run Build Command:"/usr/bin/make" "cmTC_927f6/fast"
/Applications/Xcode.app/Contents/Developer/usr/bin/make -f CMakeFiles/cmTC_927f6.dir/build.make CMakeFiles/cmTC_927f6.dir/build
Building C object CMakeFiles/cmTC_927f6.dir/CheckFunctionExists.c.o
/Applications/Xcode.app/Contents/Developer/Toolchains/XcodeDefault.xctoolchain/usr/bin/cc   -idirafter /Users/Kleinman/Documents/Programming/C:C++/DH2323-Computer_Graphics_and_Interaction/libraries/SDL2-2.0.9/src/video/khronos -DCHECK_FUNCTION_EXISTS=_ultoa   -o CMakeFiles/cmTC_927f6.dir/CheckFunctionExists.c.o   -c /Applications/CLion.app/Contents/bin/cmake/mac/share/cmake-3.13/Modules/CheckFunctionExists.c
Linking C executable cmTC_927f6
/Applications/CLion.app/Contents/bin/cmake/mac/bin/cmake -E cmake_link_script CMakeFiles/cmTC_927f6.dir/link.txt --verbose=1
/Applications/Xcode.app/Contents/Developer/Toolchains/XcodeDefault.xctoolchain/usr/bin/cc  -idirafter /Users/Kleinman/Documents/Programming/C:C++/DH2323-Computer_Graphics_and_Interaction/libraries/SDL2-2.0.9/src/video/khronos -DCHECK_FUNCTION_EXISTS=_ultoa -Wl,-search_paths_first -Wl,-headerpad_max_install_names   CMakeFiles/cmTC_927f6.dir/CheckFunctionExists.c.o  -o cmTC_927f6 
Undefined symbols for architecture x86_64:
  "__ultoa", referenced from:
      _main in CheckFunctionExists.c.o
ld: symbol(s) not found for architecture x86_64
clang: error: linker command failed with exit code 1 (use -v to see invocation)
make[1]: *** [cmTC_927f6] Error 1
make: *** [cmTC_927f6/fast] Error 2


Determining if the function _i64toa exists failed with the following output:
Change Dir: /Users/Kleinman/Documents/Programming/C:C++/DH2323-Computer_Graphics_and_Interaction/cmake-build-debug/CMakeFiles/CMakeTmp

Run Build Command:"/usr/bin/make" "cmTC_8ca94/fast"
/Applications/Xcode.app/Contents/Developer/usr/bin/make -f CMakeFiles/cmTC_8ca94.dir/build.make CMakeFiles/cmTC_8ca94.dir/build
Building C object CMakeFiles/cmTC_8ca94.dir/CheckFunctionExists.c.o
/Applications/Xcode.app/Contents/Developer/Toolchains/XcodeDefault.xctoolchain/usr/bin/cc   -idirafter /Users/Kleinman/Documents/Programming/C:C++/DH2323-Computer_Graphics_and_Interaction/libraries/SDL2-2.0.9/src/video/khronos -DCHECK_FUNCTION_EXISTS=_i64toa   -o CMakeFiles/cmTC_8ca94.dir/CheckFunctionExists.c.o   -c /Applications/CLion.app/Contents/bin/cmake/mac/share/cmake-3.13/Modules/CheckFunctionExists.c
Linking C executable cmTC_8ca94
/Applications/CLion.app/Contents/bin/cmake/mac/bin/cmake -E cmake_link_script CMakeFiles/cmTC_8ca94.dir/link.txt --verbose=1
/Applications/Xcode.app/Contents/Developer/Toolchains/XcodeDefault.xctoolchain/usr/bin/cc  -idirafter /Users/Kleinman/Documents/Programming/C:C++/DH2323-Computer_Graphics_and_Interaction/libraries/SDL2-2.0.9/src/video/khronos -DCHECK_FUNCTION_EXISTS=_i64toa -Wl,-search_paths_first -Wl,-headerpad_max_install_names   CMakeFiles/cmTC_8ca94.dir/CheckFunctionExists.c.o  -o cmTC_8ca94 
Undefined symbols for architecture x86_64:
  "__i64toa", referenced from:
      _main in CheckFunctionExists.c.o
ld: symbol(s) not found for architecture x86_64
clang: error: linker command failed with exit code 1 (use -v to see invocation)
make[1]: *** [cmTC_8ca94] Error 1
make: *** [cmTC_8ca94/fast] Error 2


Determining if the function _ui64toa exists failed with the following output:
Change Dir: /Users/Kleinman/Documents/Programming/C:C++/DH2323-Computer_Graphics_and_Interaction/cmake-build-debug/CMakeFiles/CMakeTmp

Run Build Command:"/usr/bin/make" "cmTC_6d066/fast"
/Applications/Xcode.app/Contents/Developer/usr/bin/make -f CMakeFiles/cmTC_6d066.dir/build.make CMakeFiles/cmTC_6d066.dir/build
Building C object CMakeFiles/cmTC_6d066.dir/CheckFunctionExists.c.o
/Applications/Xcode.app/Contents/Developer/Toolchains/XcodeDefault.xctoolchain/usr/bin/cc   -idirafter /Users/Kleinman/Documents/Programming/C:C++/DH2323-Computer_Graphics_and_Interaction/libraries/SDL2-2.0.9/src/video/khronos -DCHECK_FUNCTION_EXISTS=_ui64toa   -o CMakeFiles/cmTC_6d066.dir/CheckFunctionExists.c.o   -c /Applications/CLion.app/Contents/bin/cmake/mac/share/cmake-3.13/Modules/CheckFunctionExists.c
Linking C executable cmTC_6d066
/Applications/CLion.app/Contents/bin/cmake/mac/bin/cmake -E cmake_link_script CMakeFiles/cmTC_6d066.dir/link.txt --verbose=1
/Applications/Xcode.app/Contents/Developer/Toolchains/XcodeDefault.xctoolchain/usr/bin/cc  -idirafter /Users/Kleinman/Documents/Programming/C:C++/DH2323-Computer_Graphics_and_Interaction/libraries/SDL2-2.0.9/src/video/khronos -DCHECK_FUNCTION_EXISTS=_ui64toa -Wl,-search_paths_first -Wl,-headerpad_max_install_names   CMakeFiles/cmTC_6d066.dir/CheckFunctionExists.c.o  -o cmTC_6d066 
Undefined symbols for architecture x86_64:
  "__ui64toa", referenced from:
      _main in CheckFunctionExists.c.o
ld: symbol(s) not found for architecture x86_64
clang: error: linker command failed with exit code 1 (use -v to see invocation)
make[1]: *** [cmTC_6d066] Error 1
make: *** [cmTC_6d066/fast] Error 2


Determining if the function _stricmp exists failed with the following output:
Change Dir: /Users/Kleinman/Documents/Programming/C:C++/DH2323-Computer_Graphics_and_Interaction/cmake-build-debug/CMakeFiles/CMakeTmp

Run Build Command:"/usr/bin/make" "cmTC_e768a/fast"
/Applications/Xcode.app/Contents/Developer/usr/bin/make -f CMakeFiles/cmTC_e768a.dir/build.make CMakeFiles/cmTC_e768a.dir/build
Building C object CMakeFiles/cmTC_e768a.dir/CheckFunctionExists.c.o
/Applications/Xcode.app/Contents/Developer/Toolchains/XcodeDefault.xctoolchain/usr/bin/cc   -idirafter /Users/Kleinman/Documents/Programming/C:C++/DH2323-Computer_Graphics_and_Interaction/libraries/SDL2-2.0.9/src/video/khronos -DCHECK_FUNCTION_EXISTS=_stricmp   -o CMakeFiles/cmTC_e768a.dir/CheckFunctionExists.c.o   -c /Applications/CLion.app/Contents/bin/cmake/mac/share/cmake-3.13/Modules/CheckFunctionExists.c
Linking C executable cmTC_e768a
/Applications/CLion.app/Contents/bin/cmake/mac/bin/cmake -E cmake_link_script CMakeFiles/cmTC_e768a.dir/link.txt --verbose=1
/Applications/Xcode.app/Contents/Developer/Toolchains/XcodeDefault.xctoolchain/usr/bin/cc  -idirafter /Users/Kleinman/Documents/Programming/C:C++/DH2323-Computer_Graphics_and_Interaction/libraries/SDL2-2.0.9/src/video/khronos -DCHECK_FUNCTION_EXISTS=_stricmp -Wl,-search_paths_first -Wl,-headerpad_max_install_names   CMakeFiles/cmTC_e768a.dir/CheckFunctionExists.c.o  -o cmTC_e768a 
Undefined symbols for architecture x86_64:
  "__stricmp", referenced from:
      _main in CheckFunctionExists.c.o
ld: symbol(s) not found for architecture x86_64
clang: error: linker command failed with exit code 1 (use -v to see invocation)
make[1]: *** [cmTC_e768a] Error 1
make: *** [cmTC_e768a/fast] Error 2


Determining if the function _strnicmp exists failed with the following output:
Change Dir: /Users/Kleinman/Documents/Programming/C:C++/DH2323-Computer_Graphics_and_Interaction/cmake-build-debug/CMakeFiles/CMakeTmp

Run Build Command:"/usr/bin/make" "cmTC_b4d59/fast"
/Applications/Xcode.app/Contents/Developer/usr/bin/make -f CMakeFiles/cmTC_b4d59.dir/build.make CMakeFiles/cmTC_b4d59.dir/build
Building C object CMakeFiles/cmTC_b4d59.dir/CheckFunctionExists.c.o
/Applications/Xcode.app/Contents/Developer/Toolchains/XcodeDefault.xctoolchain/usr/bin/cc   -idirafter /Users/Kleinman/Documents/Programming/C:C++/DH2323-Computer_Graphics_and_Interaction/libraries/SDL2-2.0.9/src/video/khronos -DCHECK_FUNCTION_EXISTS=_strnicmp   -o CMakeFiles/cmTC_b4d59.dir/CheckFunctionExists.c.o   -c /Applications/CLion.app/Contents/bin/cmake/mac/share/cmake-3.13/Modules/CheckFunctionExists.c
Linking C executable cmTC_b4d59
/Applications/CLion.app/Contents/bin/cmake/mac/bin/cmake -E cmake_link_script CMakeFiles/cmTC_b4d59.dir/link.txt --verbose=1
/Applications/Xcode.app/Contents/Developer/Toolchains/XcodeDefault.xctoolchain/usr/bin/cc  -idirafter /Users/Kleinman/Documents/Programming/C:C++/DH2323-Computer_Graphics_and_Interaction/libraries/SDL2-2.0.9/src/video/khronos -DCHECK_FUNCTION_EXISTS=_strnicmp -Wl,-search_paths_first -Wl,-headerpad_max_install_names   CMakeFiles/cmTC_b4d59.dir/CheckFunctionExists.c.o  -o cmTC_b4d59 
Undefined symbols for architecture x86_64:
  "__strnicmp", referenced from:
      _main in CheckFunctionExists.c.o
ld: symbol(s) not found for architecture x86_64
clang: error: linker command failed with exit code 1 (use -v to see invocation)
make[1]: *** [cmTC_b4d59] Error 1
make: *** [cmTC_b4d59/fast] Error 2


Determining if the function fopen64 exists failed with the following output:
Change Dir: /Users/Kleinman/Documents/Programming/C:C++/DH2323-Computer_Graphics_and_Interaction/cmake-build-debug/CMakeFiles/CMakeTmp

Run Build Command:"/usr/bin/make" "cmTC_e4ded/fast"
/Applications/Xcode.app/Contents/Developer/usr/bin/make -f CMakeFiles/cmTC_e4ded.dir/build.make CMakeFiles/cmTC_e4ded.dir/build
Building C object CMakeFiles/cmTC_e4ded.dir/CheckFunctionExists.c.o
/Applications/Xcode.app/Contents/Developer/Toolchains/XcodeDefault.xctoolchain/usr/bin/cc   -idirafter /Users/Kleinman/Documents/Programming/C:C++/DH2323-Computer_Graphics_and_Interaction/libraries/SDL2-2.0.9/src/video/khronos -DCHECK_FUNCTION_EXISTS=fopen64   -o CMakeFiles/cmTC_e4ded.dir/CheckFunctionExists.c.o   -c /Applications/CLion.app/Contents/bin/cmake/mac/share/cmake-3.13/Modules/CheckFunctionExists.c
Linking C executable cmTC_e4ded
/Applications/CLion.app/Contents/bin/cmake/mac/bin/cmake -E cmake_link_script CMakeFiles/cmTC_e4ded.dir/link.txt --verbose=1
/Applications/Xcode.app/Contents/Developer/Toolchains/XcodeDefault.xctoolchain/usr/bin/cc  -idirafter /Users/Kleinman/Documents/Programming/C:C++/DH2323-Computer_Graphics_and_Interaction/libraries/SDL2-2.0.9/src/video/khronos -DCHECK_FUNCTION_EXISTS=fopen64 -Wl,-search_paths_first -Wl,-headerpad_max_install_names   CMakeFiles/cmTC_e4ded.dir/CheckFunctionExists.c.o  -o cmTC_e4ded 
Undefined symbols for architecture x86_64:
  "_fopen64", referenced from:
      _main in CheckFunctionExists.c.o
ld: symbol(s) not found for architecture x86_64
clang: error: linker command failed with exit code 1 (use -v to see invocation)
make[1]: *** [cmTC_e4ded] Error 1
make: *** [cmTC_e4ded/fast] Error 2


Determining if the function fseeko64 exists failed with the following output:
Change Dir: /Users/Kleinman/Documents/Programming/C:C++/DH2323-Computer_Graphics_and_Interaction/cmake-build-debug/CMakeFiles/CMakeTmp

Run Build Command:"/usr/bin/make" "cmTC_dd329/fast"
/Applications/Xcode.app/Contents/Developer/usr/bin/make -f CMakeFiles/cmTC_dd329.dir/build.make CMakeFiles/cmTC_dd329.dir/build
Building C object CMakeFiles/cmTC_dd329.dir/CheckFunctionExists.c.o
/Applications/Xcode.app/Contents/Developer/Toolchains/XcodeDefault.xctoolchain/usr/bin/cc   -idirafter /Users/Kleinman/Documents/Programming/C:C++/DH2323-Computer_Graphics_and_Interaction/libraries/SDL2-2.0.9/src/video/khronos -DCHECK_FUNCTION_EXISTS=fseeko64   -o CMakeFiles/cmTC_dd329.dir/CheckFunctionExists.c.o   -c /Applications/CLion.app/Contents/bin/cmake/mac/share/cmake-3.13/Modules/CheckFunctionExists.c
Linking C executable cmTC_dd329
/Applications/CLion.app/Contents/bin/cmake/mac/bin/cmake -E cmake_link_script CMakeFiles/cmTC_dd329.dir/link.txt --verbose=1
/Applications/Xcode.app/Contents/Developer/Toolchains/XcodeDefault.xctoolchain/usr/bin/cc  -idirafter /Users/Kleinman/Documents/Programming/C:C++/DH2323-Computer_Graphics_and_Interaction/libraries/SDL2-2.0.9/src/video/khronos -DCHECK_FUNCTION_EXISTS=fseeko64 -Wl,-search_paths_first -Wl,-headerpad_max_install_names   CMakeFiles/cmTC_dd329.dir/CheckFunctionExists.c.o  -o cmTC_dd329 
Undefined symbols for architecture x86_64:
  "_fseeko64", referenced from:
      _main in CheckFunctionExists.c.o
ld: symbol(s) not found for architecture x86_64
clang: error: linker command failed with exit code 1 (use -v to see invocation)
make[1]: *** [cmTC_dd329] Error 1
make: *** [cmTC_dd329/fast] Error 2


Determining if the function getauxval exists failed with the following output:
Change Dir: /Users/Kleinman/Documents/Programming/C:C++/DH2323-Computer_Graphics_and_Interaction/cmake-build-debug/CMakeFiles/CMakeTmp

Run Build Command:"/usr/bin/make" "cmTC_50e29/fast"
/Applications/Xcode.app/Contents/Developer/usr/bin/make -f CMakeFiles/cmTC_50e29.dir/build.make CMakeFiles/cmTC_50e29.dir/build
Building C object CMakeFiles/cmTC_50e29.dir/CheckFunctionExists.c.o
/Applications/Xcode.app/Contents/Developer/Toolchains/XcodeDefault.xctoolchain/usr/bin/cc   -idirafter /Users/Kleinman/Documents/Programming/C:C++/DH2323-Computer_Graphics_and_Interaction/libraries/SDL2-2.0.9/src/video/khronos -DCHECK_FUNCTION_EXISTS=getauxval   -o CMakeFiles/cmTC_50e29.dir/CheckFunctionExists.c.o   -c /Applications/CLion.app/Contents/bin/cmake/mac/share/cmake-3.13/Modules/CheckFunctionExists.c
Linking C executable cmTC_50e29
/Applications/CLion.app/Contents/bin/cmake/mac/bin/cmake -E cmake_link_script CMakeFiles/cmTC_50e29.dir/link.txt --verbose=1
/Applications/Xcode.app/Contents/Developer/Toolchains/XcodeDefault.xctoolchain/usr/bin/cc  -idirafter /Users/Kleinman/Documents/Programming/C:C++/DH2323-Computer_Graphics_and_Interaction/libraries/SDL2-2.0.9/src/video/khronos -DCHECK_FUNCTION_EXISTS=getauxval -Wl,-search_paths_first -Wl,-headerpad_max_install_names   CMakeFiles/cmTC_50e29.dir/CheckFunctionExists.c.o  -o cmTC_50e29 
Undefined symbols for architecture x86_64:
  "_getauxval", referenced from:
      _main in CheckFunctionExists.c.o
ld: symbol(s) not found for architecture x86_64
clang: error: linker command failed with exit code 1 (use -v to see invocation)
make[1]: *** [cmTC_50e29] Error 1
make: *** [cmTC_50e29/fast] Error 2


Performing C SOURCE FILE Test HAVE_SEM_TIMEDWAIT failed with the following output:
Change Dir: /Users/Kleinman/Documents/Programming/C:C++/DH2323-Computer_Graphics_and_Interaction/cmake-build-debug/CMakeFiles/CMakeTmp

Run Build Command:"/usr/bin/make" "cmTC_d4500/fast"
/Applications/Xcode.app/Contents/Developer/usr/bin/make -f CMakeFiles/cmTC_d4500.dir/build.make CMakeFiles/cmTC_d4500.dir/build
Building C object CMakeFiles/cmTC_d4500.dir/src.c.o
/Applications/Xcode.app/Contents/Developer/Toolchains/XcodeDefault.xctoolchain/usr/bin/cc   -idirafter /Users/Kleinman/Documents/Programming/C:C++/DH2323-Computer_Graphics_and_Interaction/libraries/SDL2-2.0.9/src/video/khronos -DHAVE_SEM_TIMEDWAIT  -D_THREAD_SAFE   -o CMakeFiles/cmTC_d4500.dir/src.c.o   -c /Users/Kleinman/Documents/Programming/C:C++/DH2323-Computer_Graphics_and_Interaction/cmake-build-debug/CMakeFiles/CMakeTmp/src.c
/Users/Kleinman/Documents/Programming/C:C++/DH2323-Computer_Graphics_and_Interaction/cmake-build-debug/CMakeFiles/CMakeTmp/src.c:5:19: warning: implicit declaration of function 'sem_timedwait' is invalid in C99 [-Wimplicit-function-declaration]
                  sem_timedwait(NULL, NULL);
                  ^
1 warning generated.
Linking C executable cmTC_d4500
/Applications/CLion.app/Contents/bin/cmake/mac/bin/cmake -E cmake_link_script CMakeFiles/cmTC_d4500.dir/link.txt --verbose=1
/Applications/Xcode.app/Contents/Developer/Toolchains/XcodeDefault.xctoolchain/usr/bin/cc  -idirafter /Users/Kleinman/Documents/Programming/C:C++/DH2323-Computer_Graphics_and_Interaction/libraries/SDL2-2.0.9/src/video/khronos -DHAVE_SEM_TIMEDWAIT  -D_THREAD_SAFE -Wl,-search_paths_first -Wl,-headerpad_max_install_names   CMakeFiles/cmTC_d4500.dir/src.c.o  -o cmTC_d4500 
Undefined symbols for architecture x86_64:
  "_sem_timedwait", referenced from:
      _main in src.c.o
ld: symbol(s) not found for architecture x86_64
clang: error: linker command failed with exit code 1 (use -v to see invocation)
make[1]: *** [cmTC_d4500] Error 1
make: *** [cmTC_d4500/fast] Error 2

Source file was:

              #include <pthread.h>
              #include <semaphore.h>
              int main(int argc, char **argv) {
                  sem_timedwait(NULL, NULL);
                  return 0;
              }
Performing C SOURCE FILE Test HAVE_PTHREAD_NP_H failed with the following output:
Change Dir: /Users/Kleinman/Documents/Programming/C:C++/DH2323-Computer_Graphics_and_Interaction/cmake-build-debug/CMakeFiles/CMakeTmp

Run Build Command:"/usr/bin/make" "cmTC_06846/fast"
/Applications/Xcode.app/Contents/Developer/usr/bin/make -f CMakeFiles/cmTC_06846.dir/build.make CMakeFiles/cmTC_06846.dir/build
Building C object CMakeFiles/cmTC_06846.dir/src.c.o
/Applications/Xcode.app/Contents/Developer/Toolchains/XcodeDefault.xctoolchain/usr/bin/cc   -idirafter /Users/Kleinman/Documents/Programming/C:C++/DH2323-Computer_Graphics_and_Interaction/libraries/SDL2-2.0.9/src/video/khronos -DHAVE_PTHREAD_NP_H  -D_THREAD_SAFE   -o CMakeFiles/cmTC_06846.dir/src.c.o   -c /Users/Kleinman/Documents/Programming/C:C++/DH2323-Computer_Graphics_and_Interaction/cmake-build-debug/CMakeFiles/CMakeTmp/src.c
/Users/Kleinman/Documents/Programming/C:C++/DH2323-Computer_Graphics_and_Interaction/cmake-build-debug/CMakeFiles/CMakeTmp/src.c:3:20: fatal error: 'pthread_np.h' file not found
          #include <pthread_np.h>
                   ^~~~~~~~~~~~~~
1 error generated.
make[1]: *** [CMakeFiles/cmTC_06846.dir/src.c.o] Error 1
make: *** [cmTC_06846/fast] Error 2

Source file was:

          #include <pthread.h>
          #include <pthread_np.h>
          int main(int argc, char** argv) { return 0; }
Determining if the function pthread_set_name_np exists failed with the following output:
Change Dir: /Users/Kleinman/Documents/Programming/C:C++/DH2323-Computer_Graphics_and_Interaction/cmake-build-debug/CMakeFiles/CMakeTmp

Run Build Command:"/usr/bin/make" "cmTC_2a90c/fast"
/Applications/Xcode.app/Contents/Developer/usr/bin/make -f CMakeFiles/cmTC_2a90c.dir/build.make CMakeFiles/cmTC_2a90c.dir/build
Building C object CMakeFiles/cmTC_2a90c.dir/CheckFunctionExists.c.o
/Applications/Xcode.app/Contents/Developer/Toolchains/XcodeDefault.xctoolchain/usr/bin/cc   -idirafter /Users/Kleinman/Documents/Programming/C:C++/DH2323-Computer_Graphics_and_Interaction/libraries/SDL2-2.0.9/src/video/khronos -DCHECK_FUNCTION_EXISTS=pthread_set_name_np  -D_THREAD_SAFE   -o CMakeFiles/cmTC_2a90c.dir/CheckFunctionExists.c.o   -c /Applications/CLion.app/Contents/bin/cmake/mac/share/cmake-3.13/Modules/CheckFunctionExists.c
Linking C executable cmTC_2a90c
/Applications/CLion.app/Contents/bin/cmake/mac/bin/cmake -E cmake_link_script CMakeFiles/cmTC_2a90c.dir/link.txt --verbose=1
/Applications/Xcode.app/Contents/Developer/Toolchains/XcodeDefault.xctoolchain/usr/bin/cc  -idirafter /Users/Kleinman/Documents/Programming/C:C++/DH2323-Computer_Graphics_and_Interaction/libraries/SDL2-2.0.9/src/video/khronos -DCHECK_FUNCTION_EXISTS=pthread_set_name_np  -D_THREAD_SAFE -Wl,-search_paths_first -Wl,-headerpad_max_install_names   CMakeFiles/cmTC_2a90c.dir/CheckFunctionExists.c.o  -o cmTC_2a90c 
Undefined symbols for architecture x86_64:
  "_pthread_set_name_np", referenced from:
      _main in CheckFunctionExists.c.o
ld: symbol(s) not found for architecture x86_64
clang: error: linker command failed with exit code 1 (use -v to see invocation)
make[1]: *** [cmTC_2a90c] Error 1
make: *** [cmTC_2a90c/fast] Error 2


Detecting C [-std=c11] compiler features failed to compile with the following output:
Change Dir: /Users/Kleinman/Documents/Programming/C:C++/DH2323-Computer_Graphics_and_Interaction/cmake-build-debug/CMakeFiles/CMakeTmp

Run Build Command:"/usr/bin/make" "cmTC_3f1dd/fast"
/Applications/Xcode.app/Contents/Developer/usr/bin/make -f CMakeFiles/cmTC_3f1dd.dir/build.make CMakeFiles/cmTC_3f1dd.dir/build
CMakeFiles/cmTC_3f1dd.dir/build.make:64: *** target pattern contains no `%'.  Stop.
make: *** [cmTC_3f1dd/fast] Error 2



Detecting CXX [-std=c++1z] compiler features failed to compile with the following output:
Change Dir: /Users/Kleinman/Documents/Programming/C:C++/DH2323-Computer_Graphics_and_Interaction/cmake-build-debug/CMakeFiles/CMakeTmp

Run Build Command:"/usr/bin/make" "cmTC_a6702/fast"
/Applications/Xcode.app/Contents/Developer/usr/bin/make -f CMakeFiles/cmTC_a6702.dir/build.make CMakeFiles/cmTC_a6702.dir/build
CMakeFiles/cmTC_a6702.dir/build.make:64: *** target pattern contains no `%'.  Stop.
make: *** [cmTC_a6702/fast] Error 2



