Detecting C [-std=c11] compiler features failed to compile with the following output:
Change Dir: /Users/Kleinman/Documents/Programming/C:C++/DH2323-Computer_Graphics_and_Interaction/cmake-build-release/CMakeFiles/CMakeTmp

Run Build Command:"/usr/bin/make" "cmTC_e75f9/fast"
/Applications/Xcode.app/Contents/Developer/usr/bin/make -f CMakeFiles/cmTC_e75f9.dir/build.make CMakeFiles/cmTC_e75f9.dir/build
CMakeFiles/cmTC_e75f9.dir/build.make:64: *** target pattern contains no `%'.  Stop.
make: *** [cmTC_e75f9/fast] Error 2



Detecting CXX [-std=c++1z] compiler features failed to compile with the following output:
Change Dir: /Users/Kleinman/Documents/Programming/C:C++/DH2323-Computer_Graphics_and_Interaction/cmake-build-release/CMakeFiles/CMakeTmp

Run Build Command:"/usr/bin/make" "cmTC_7452d/fast"
/Applications/Xcode.app/Contents/Developer/usr/bin/make -f CMakeFiles/cmTC_7452d.dir/build.make CMakeFiles/cmTC_7452d.dir/build
CMakeFiles/cmTC_7452d.dir/build.make:64: *** target pattern contains no `%'.  Stop.
make: *** [cmTC_7452d/fast] Error 2



Performing C SOURCE FILE Test HAVE_GCC_PREFERRED_STACK_BOUNDARY failed with the following output:
Change Dir: /Users/Kleinman/Documents/Programming/C:C++/DH2323-Computer_Graphics_and_Interaction/cmake-build-release/CMakeFiles/CMakeTmp

Run Build Command:"/usr/bin/make" "cmTC_62b22/fast"
/Applications/Xcode.app/Contents/Developer/usr/bin/make -f CMakeFiles/cmTC_62b22.dir/build.make CMakeFiles/cmTC_62b22.dir/build
Building C object CMakeFiles/cmTC_62b22.dir/src.c.o
/Applications/Xcode.app/Contents/Developer/Toolchains/XcodeDefault.xctoolchain/usr/bin/cc   -idirafter /Users/Kleinman/Documents/Programming/C:C++/DH2323-Computer_Graphics_and_Interaction/libraries/SDL2-2.0.9/src/video/khronos -DHAVE_GCC_PREFERRED_STACK_BOUNDARY -mpreferred-stack-boundary=2   -o CMakeFiles/cmTC_62b22.dir/src.c.o   -c /Users/Kleinman/Documents/Programming/C:C++/DH2323-Computer_Graphics_and_Interaction/cmake-build-release/CMakeFiles/CMakeTmp/src.c
clang: error: unknown argument: '-mpreferred-stack-boundary=2'
make[1]: *** [CMakeFiles/cmTC_62b22.dir/src.c.o] Error 1
make: *** [cmTC_62b22/fast] Error 2

Source file was:
int x = 0; int main(int argc, char **argv) {}
Performing C SOURCE FILE Test HAVE_ALTIVEC_H_HDR failed with the following output:
Change Dir: /Users/Kleinman/Documents/Programming/C:C++/DH2323-Computer_Graphics_and_Interaction/cmake-build-release/CMakeFiles/CMakeTmp

Run Build Command:"/usr/bin/make" "cmTC_0cd28/fast"
/Applications/Xcode.app/Contents/Developer/usr/bin/make -f CMakeFiles/cmTC_0cd28.dir/build.make CMakeFiles/cmTC_0cd28.dir/build
Building C object CMakeFiles/cmTC_0cd28.dir/src.c.o
/Applications/Xcode.app/Contents/Developer/Toolchains/XcodeDefault.xctoolchain/usr/bin/cc   -idirafter /Users/Kleinman/Documents/Programming/C:C++/DH2323-Computer_Graphics_and_Interaction/libraries/SDL2-2.0.9/src/video/khronos -DHAVE_ALTIVEC_H_HDR -maltivec   -o CMakeFiles/cmTC_0cd28.dir/src.c.o   -c /Users/Kleinman/Documents/Programming/C:C++/DH2323-Computer_Graphics_and_Interaction/cmake-build-release/CMakeFiles/CMakeTmp/src.c
clang: warning: argument unused during compilation: '-maltivec' [-Wunused-command-line-argument]
In file included from /Users/Kleinman/Documents/Programming/C:C++/DH2323-Computer_Graphics_and_Interaction/cmake-build-release/CMakeFiles/CMakeTmp/src.c:2:
/Applications/Xcode.app/Contents/Developer/Toolchains/XcodeDefault.xctoolchain/usr/lib/clang/10.0.0/include/altivec.h:27:2: error: "AltiVec support not enabled"
#error "AltiVec support not enabled"
 ^
/Applications/Xcode.app/Contents/Developer/Toolchains/XcodeDefault.xctoolchain/usr/lib/clang/10.0.0/include/altivec.h:62:19: error: unknown type name 'vector'
static __inline__ vector signed char __ATTRS_o_ai vec_perm(
                  ^
/Applications/Xcode.app/Contents/Developer/Toolchains/XcodeDefault.xctoolchain/usr/lib/clang/10.0.0/include/altivec.h:62:26: error: expected identifier or '('
static __inline__ vector signed char __ATTRS_o_ai vec_perm(
                         ^
/Applications/Xcode.app/Contents/Developer/Toolchains/XcodeDefault.xctoolchain/usr/lib/clang/10.0.0/include/altivec.h:65:19: error: unknown type name 'vector'
static __inline__ vector unsigned char __ATTRS_o_ai
                  ^
/Applications/Xcode.app/Contents/Developer/Toolchains/XcodeDefault.xctoolchain/usr/lib/clang/10.0.0/include/altivec.h:65:26: error: expected identifier or '('
static __inline__ vector unsigned char __ATTRS_o_ai
                         ^
/Applications/Xcode.app/Contents/Developer/Toolchains/XcodeDefault.xctoolchain/usr/lib/clang/10.0.0/include/altivec.h:69:19: error: unknown type name 'vector'
static __inline__ vector bool char __ATTRS_o_ai
                  ^
/Applications/Xcode.app/Contents/Developer/Toolchains/XcodeDefault.xctoolchain/usr/lib/clang/10.0.0/include/altivec.h:69:8: error: 'inline' can only appear on functions
static __inline__ vector bool char __ATTRS_o_ai
       ^
/Applications/Xcode.app/Contents/Developer/Toolchains/XcodeDefault.xctoolchain/usr/lib/clang/10.0.0/include/altivec.h:69:30: error: expected ';' after top level declarator
static __inline__ vector bool char __ATTRS_o_ai
                             ^
/Applications/Xcode.app/Contents/Developer/Toolchains/XcodeDefault.xctoolchain/usr/lib/clang/10.0.0/include/altivec.h:70:10: error: unknown type name 'vector'
vec_perm(vector bool char __a, vector bool char __b, vector unsigned char __c);
         ^
/Applications/Xcode.app/Contents/Developer/Toolchains/XcodeDefault.xctoolchain/usr/lib/clang/10.0.0/include/altivec.h:70:22: error: expected ')'
vec_perm(vector bool char __a, vector bool char __b, vector unsigned char __c);
                     ^
/Applications/Xcode.app/Contents/Developer/Toolchains/XcodeDefault.xctoolchain/usr/lib/clang/10.0.0/include/altivec.h:70:9: note: to match this '('
vec_perm(vector bool char __a, vector bool char __b, vector unsigned char __c);
        ^
/Applications/Xcode.app/Contents/Developer/Toolchains/XcodeDefault.xctoolchain/usr/lib/clang/10.0.0/include/altivec.h:72:19: error: unknown type name 'vector'
static __inline__ vector short __ATTRS_o_ai vec_perm(vector signed short __a,
                  ^
/Applications/Xcode.app/Contents/Developer/Toolchains/XcodeDefault.xctoolchain/usr/lib/clang/10.0.0/include/altivec.h:72:26: error: expected identifier or '('
static __inline__ vector short __ATTRS_o_ai vec_perm(vector signed short __a,
                         ^
/Applications/Xcode.app/Contents/Developer/Toolchains/XcodeDefault.xctoolchain/usr/lib/clang/10.0.0/include/altivec.h:76:19: error: unknown type name 'vector'
static __inline__ vector unsigned short __ATTRS_o_ai
                  ^
/Applications/Xcode.app/Contents/Developer/Toolchains/XcodeDefault.xctoolchain/usr/lib/clang/10.0.0/include/altivec.h:76:26: error: expected identifier or '('
static __inline__ vector unsigned short __ATTRS_o_ai
                         ^
/Applications/Xcode.app/Contents/Developer/Toolchains/XcodeDefault.xctoolchain/usr/lib/clang/10.0.0/include/altivec.h:80:19: error: unknown type name 'vector'
static __inline__ vector bool short __ATTRS_o_ai vec_perm(
                  ^
/Applications/Xcode.app/Contents/Developer/Toolchains/XcodeDefault.xctoolchain/usr/lib/clang/10.0.0/include/altivec.h:80:8: error: 'inline' can only appear on functions
static __inline__ vector bool short __ATTRS_o_ai vec_perm(
       ^
/Applications/Xcode.app/Contents/Developer/Toolchains/XcodeDefault.xctoolchain/usr/lib/clang/10.0.0/include/altivec.h:80:30: error: expected ';' after top level declarator
static __inline__ vector bool short __ATTRS_o_ai vec_perm(
                             ^
/Applications/Xcode.app/Contents/Developer/Toolchains/XcodeDefault.xctoolchain/usr/lib/clang/10.0.0/include/altivec.h:81:5: error: unknown type name 'vector'
    vector bool short __a, vector bool short __b, vector unsigned char __c);
    ^
/Applications/Xcode.app/Contents/Developer/Toolchains/XcodeDefault.xctoolchain/usr/lib/clang/10.0.0/include/altivec.h:81:17: error: expected ')'
    vector bool short __a, vector bool short __b, vector unsigned char __c);
                ^
/Applications/Xcode.app/Contents/Developer/Toolchains/XcodeDefault.xctoolchain/usr/lib/clang/10.0.0/include/altivec.h:80:58: note: to match this '('
static __inline__ vector bool short __ATTRS_o_ai vec_perm(
                                                         ^
fatal error: too many errors emitted, stopping now [-ferror-limit=]
20 errors generated.
make[1]: *** [CMakeFiles/cmTC_0cd28.dir/src.c.o] Error 1
make: *** [cmTC_0cd28/fast] Error 2

Source file was:

          #include <altivec.h>
          vector unsigned int vzero() {
              return vec_splat_u32(0);
          }
          int main(int argc, char **argv) { }
Performing C SOURCE FILE Test HAVE_ALTIVEC failed with the following output:
Change Dir: /Users/Kleinman/Documents/Programming/C:C++/DH2323-Computer_Graphics_and_Interaction/cmake-build-release/CMakeFiles/CMakeTmp

Run Build Command:"/usr/bin/make" "cmTC_8aacd/fast"
/Applications/Xcode.app/Contents/Developer/usr/bin/make -f CMakeFiles/cmTC_8aacd.dir/build.make CMakeFiles/cmTC_8aacd.dir/build
Building C object CMakeFiles/cmTC_8aacd.dir/src.c.o
/Applications/Xcode.app/Contents/Developer/Toolchains/XcodeDefault.xctoolchain/usr/bin/cc   -idirafter /Users/Kleinman/Documents/Programming/C:C++/DH2323-Computer_Graphics_and_Interaction/libraries/SDL2-2.0.9/src/video/khronos -DHAVE_ALTIVEC -maltivec   -o CMakeFiles/cmTC_8aacd.dir/src.c.o   -c /Users/Kleinman/Documents/Programming/C:C++/DH2323-Computer_Graphics_and_Interaction/cmake-build-release/CMakeFiles/CMakeTmp/src.c
clang: warning: argument unused during compilation: '-maltivec' [-Wunused-command-line-argument]
/Users/Kleinman/Documents/Programming/C:C++/DH2323-Computer_Graphics_and_Interaction/cmake-build-release/CMakeFiles/CMakeTmp/src.c:2:11: error: unknown type name 'vector'
          vector unsigned int vzero() {
          ^
/Users/Kleinman/Documents/Programming/C:C++/DH2323-Computer_Graphics_and_Interaction/cmake-build-release/CMakeFiles/CMakeTmp/src.c:2:18: error: expected identifier or '('
          vector unsigned int vzero() {
                 ^
2 errors generated.
make[1]: *** [CMakeFiles/cmTC_8aacd.dir/src.c.o] Error 1
make: *** [cmTC_8aacd/fast] Error 2

Source file was:

          vector unsigned int vzero() {
              return vec_splat_u32(0);
          }
          int main(int argc, char **argv) { }
Determining if the include file malloc.h exists failed with the following output:
Change Dir: /Users/Kleinman/Documents/Programming/C:C++/DH2323-Computer_Graphics_and_Interaction/cmake-build-release/CMakeFiles/CMakeTmp

Run Build Command:"/usr/bin/make" "cmTC_86e17/fast"
/Applications/Xcode.app/Contents/Developer/usr/bin/make -f CMakeFiles/cmTC_86e17.dir/build.make CMakeFiles/cmTC_86e17.dir/build
Building C object CMakeFiles/cmTC_86e17.dir/CheckIncludeFile.c.o
/Applications/Xcode.app/Contents/Developer/Toolchains/XcodeDefault.xctoolchain/usr/bin/cc   -idirafter /Users/Kleinman/Documents/Programming/C:C++/DH2323-Computer_Graphics_and_Interaction/libraries/SDL2-2.0.9/src/video/khronos    -o CMakeFiles/cmTC_86e17.dir/CheckIncludeFile.c.o   -c /Users/Kleinman/Documents/Programming/C:C++/DH2323-Computer_Graphics_and_Interaction/cmake-build-release/CMakeFiles/CMakeTmp/CheckIncludeFile.c
/Users/Kleinman/Documents/Programming/C:C++/DH2323-Computer_Graphics_and_Interaction/cmake-build-release/CMakeFiles/CMakeTmp/CheckIncludeFile.c:1:10: fatal error: 'malloc.h' file not found
#include <malloc.h>
         ^~~~~~~~~~
1 error generated.
make[1]: *** [CMakeFiles/cmTC_86e17.dir/CheckIncludeFile.c.o] Error 1
make: *** [cmTC_86e17/fast] Error 2


Determining if files dlfcn.h;stdint.h;stddef.h;inttypes.h;stdlib.h;strings.h;string.h;float.h exist failed with the following output:
Change Dir: /Users/Kleinman/Documents/Programming/C:C++/DH2323-Computer_Graphics_and_Interaction/cmake-build-release/CMakeFiles/CMakeTmp

Run Build Command:"/usr/bin/make" "cmTC_21f56/fast"
/Applications/Xcode.app/Contents/Developer/usr/bin/make -f CMakeFiles/cmTC_21f56.dir/build.make CMakeFiles/cmTC_21f56.dir/build
CMakeFiles/cmTC_21f56.dir/build.make:64: *** target pattern contains no `%'.  Stop.
make: *** [cmTC_21f56/fast] Error 2

Source:
/* */
#include <dlfcn.h>
#include <stdint.h>
#include <stddef.h>
#include <inttypes.h>
#include <stdlib.h>
#include <strings.h>
#include <string.h>
#include <float.h>


int main(void){return 0;}

Determining size of size_t failed with the following output:
Change Dir: /Users/Kleinman/Documents/Programming/C:C++/DH2323-Computer_Graphics_and_Interaction/cmake-build-release/CMakeFiles/CMakeTmp

Run Build Command:"/usr/bin/make" "cmTC_870ad/fast"
/Applications/Xcode.app/Contents/Developer/usr/bin/make -f CMakeFiles/cmTC_870ad.dir/build.make CMakeFiles/cmTC_870ad.dir/build
CMakeFiles/cmTC_870ad.dir/build.make:64: *** target pattern contains no `%'.  Stop.
make: *** [cmTC_870ad/fast] Error 2

/Users/Kleinman/Documents/Programming/C:C++/DH2323-Computer_Graphics_and_Interaction/cmake-build-release/CMakeFiles/CheckTypeSize/SIZEOF_SIZE_T.c:
#include <sys/types.h>
#include <stdint.h>
#include <stddef.h>


#undef KEY
#if defined(__i386)
# define KEY '_','_','i','3','8','6'
#elif defined(__x86_64)
# define KEY '_','_','x','8','6','_','6','4'
#elif defined(__ppc__)
# define KEY '_','_','p','p','c','_','_'
#elif defined(__ppc64__)
# define KEY '_','_','p','p','c','6','4','_','_'
#elif defined(__aarch64__)
# define KEY '_','_','a','a','r','c','h','6','4','_','_'
#elif defined(__ARM_ARCH_7A__)
# define KEY '_','_','A','R','M','_','A','R','C','H','_','7','A','_','_'
#elif defined(__ARM_ARCH_7S__)
# define KEY '_','_','A','R','M','_','A','R','C','H','_','7','S','_','_'
#endif

#define SIZE (sizeof(size_t))
char info_size[] =  {'I', 'N', 'F', 'O', ':', 's','i','z','e','[',
  ('0' + ((SIZE / 10000)%10)),
  ('0' + ((SIZE / 1000)%10)),
  ('0' + ((SIZE / 100)%10)),
  ('0' + ((SIZE / 10)%10)),
  ('0' +  (SIZE    % 10)),
  ']',
#ifdef KEY
  ' ','k','e','y','[', KEY, ']',
#endif
  '\0'};

#ifdef __CLASSIC_C__
int main(argc, argv) int argc; char *argv[];
#else
int main(int argc, char *argv[])
#endif
{
  int require = 0;
  require += info_size[argc];
  (void)argv;
  return require;
}


Determining if the function _strrev exists failed with the following output:
Change Dir: /Users/Kleinman/Documents/Programming/C:C++/DH2323-Computer_Graphics_and_Interaction/cmake-build-release/CMakeFiles/CMakeTmp

Run Build Command:"/usr/bin/make" "cmTC_747e0/fast"
/Applications/Xcode.app/Contents/Developer/usr/bin/make -f CMakeFiles/cmTC_747e0.dir/build.make CMakeFiles/cmTC_747e0.dir/build
Building C object CMakeFiles/cmTC_747e0.dir/CheckFunctionExists.c.o
/Applications/Xcode.app/Contents/Developer/Toolchains/XcodeDefault.xctoolchain/usr/bin/cc   -idirafter /Users/Kleinman/Documents/Programming/C:C++/DH2323-Computer_Graphics_and_Interaction/libraries/SDL2-2.0.9/src/video/khronos -DCHECK_FUNCTION_EXISTS=_strrev   -o CMakeFiles/cmTC_747e0.dir/CheckFunctionExists.c.o   -c /Applications/CLion.app/Contents/bin/cmake/mac/share/cmake-3.13/Modules/CheckFunctionExists.c
Linking C executable cmTC_747e0
/Applications/CLion.app/Contents/bin/cmake/mac/bin/cmake -E cmake_link_script CMakeFiles/cmTC_747e0.dir/link.txt --verbose=1
/Applications/Xcode.app/Contents/Developer/Toolchains/XcodeDefault.xctoolchain/usr/bin/cc  -idirafter /Users/Kleinman/Documents/Programming/C:C++/DH2323-Computer_Graphics_and_Interaction/libraries/SDL2-2.0.9/src/video/khronos -DCHECK_FUNCTION_EXISTS=_strrev -Wl,-search_paths_first -Wl,-headerpad_max_install_names   CMakeFiles/cmTC_747e0.dir/CheckFunctionExists.c.o  -o cmTC_747e0 
Undefined symbols for architecture x86_64:
  "__strrev", referenced from:
      _main in CheckFunctionExists.c.o
ld: symbol(s) not found for architecture x86_64
clang: error: linker command failed with exit code 1 (use -v to see invocation)
make[1]: *** [cmTC_747e0] Error 1
make: *** [cmTC_747e0/fast] Error 2


Determining if the function _strupr exists failed with the following output:
Change Dir: /Users/Kleinman/Documents/Programming/C:C++/DH2323-Computer_Graphics_and_Interaction/cmake-build-release/CMakeFiles/CMakeTmp

Run Build Command:"/usr/bin/make" "cmTC_82ba1/fast"
/Applications/Xcode.app/Contents/Developer/usr/bin/make -f CMakeFiles/cmTC_82ba1.dir/build.make CMakeFiles/cmTC_82ba1.dir/build
Building C object CMakeFiles/cmTC_82ba1.dir/CheckFunctionExists.c.o
/Applications/Xcode.app/Contents/Developer/Toolchains/XcodeDefault.xctoolchain/usr/bin/cc   -idirafter /Users/Kleinman/Documents/Programming/C:C++/DH2323-Computer_Graphics_and_Interaction/libraries/SDL2-2.0.9/src/video/khronos -DCHECK_FUNCTION_EXISTS=_strupr   -o CMakeFiles/cmTC_82ba1.dir/CheckFunctionExists.c.o   -c /Applications/CLion.app/Contents/bin/cmake/mac/share/cmake-3.13/Modules/CheckFunctionExists.c
Linking C executable cmTC_82ba1
/Applications/CLion.app/Contents/bin/cmake/mac/bin/cmake -E cmake_link_script CMakeFiles/cmTC_82ba1.dir/link.txt --verbose=1
/Applications/Xcode.app/Contents/Developer/Toolchains/XcodeDefault.xctoolchain/usr/bin/cc  -idirafter /Users/Kleinman/Documents/Programming/C:C++/DH2323-Computer_Graphics_and_Interaction/libraries/SDL2-2.0.9/src/video/khronos -DCHECK_FUNCTION_EXISTS=_strupr -Wl,-search_paths_first -Wl,-headerpad_max_install_names   CMakeFiles/cmTC_82ba1.dir/CheckFunctionExists.c.o  -o cmTC_82ba1 
Undefined symbols for architecture x86_64:
  "__strupr", referenced from:
      _main in CheckFunctionExists.c.o
ld: symbol(s) not found for architecture x86_64
clang: error: linker command failed with exit code 1 (use -v to see invocation)
make[1]: *** [cmTC_82ba1] Error 1
make: *** [cmTC_82ba1/fast] Error 2


Determining if the function _strlwr exists failed with the following output:
Change Dir: /Users/Kleinman/Documents/Programming/C:C++/DH2323-Computer_Graphics_and_Interaction/cmake-build-release/CMakeFiles/CMakeTmp

Run Build Command:"/usr/bin/make" "cmTC_6cbaa/fast"
/Applications/Xcode.app/Contents/Developer/usr/bin/make -f CMakeFiles/cmTC_6cbaa.dir/build.make CMakeFiles/cmTC_6cbaa.dir/build
Building C object CMakeFiles/cmTC_6cbaa.dir/CheckFunctionExists.c.o
/Applications/Xcode.app/Contents/Developer/Toolchains/XcodeDefault.xctoolchain/usr/bin/cc   -idirafter /Users/Kleinman/Documents/Programming/C:C++/DH2323-Computer_Graphics_and_Interaction/libraries/SDL2-2.0.9/src/video/khronos -DCHECK_FUNCTION_EXISTS=_strlwr   -o CMakeFiles/cmTC_6cbaa.dir/CheckFunctionExists.c.o   -c /Applications/CLion.app/Contents/bin/cmake/mac/share/cmake-3.13/Modules/CheckFunctionExists.c
Linking C executable cmTC_6cbaa
/Applications/CLion.app/Contents/bin/cmake/mac/bin/cmake -E cmake_link_script CMakeFiles/cmTC_6cbaa.dir/link.txt --verbose=1
/Applications/Xcode.app/Contents/Developer/Toolchains/XcodeDefault.xctoolchain/usr/bin/cc  -idirafter /Users/Kleinman/Documents/Programming/C:C++/DH2323-Computer_Graphics_and_Interaction/libraries/SDL2-2.0.9/src/video/khronos -DCHECK_FUNCTION_EXISTS=_strlwr -Wl,-search_paths_first -Wl,-headerpad_max_install_names   CMakeFiles/cmTC_6cbaa.dir/CheckFunctionExists.c.o  -o cmTC_6cbaa 
Undefined symbols for architecture x86_64:
  "__strlwr", referenced from:
      _main in CheckFunctionExists.c.o
ld: symbol(s) not found for architecture x86_64
clang: error: linker command failed with exit code 1 (use -v to see invocation)
make[1]: *** [cmTC_6cbaa] Error 1
make: *** [cmTC_6cbaa/fast] Error 2


Determining if the function itoa exists failed with the following output:
Change Dir: /Users/Kleinman/Documents/Programming/C:C++/DH2323-Computer_Graphics_and_Interaction/cmake-build-release/CMakeFiles/CMakeTmp

Run Build Command:"/usr/bin/make" "cmTC_a41bd/fast"
/Applications/Xcode.app/Contents/Developer/usr/bin/make -f CMakeFiles/cmTC_a41bd.dir/build.make CMakeFiles/cmTC_a41bd.dir/build
Building C object CMakeFiles/cmTC_a41bd.dir/CheckFunctionExists.c.o
/Applications/Xcode.app/Contents/Developer/Toolchains/XcodeDefault.xctoolchain/usr/bin/cc   -idirafter /Users/Kleinman/Documents/Programming/C:C++/DH2323-Computer_Graphics_and_Interaction/libraries/SDL2-2.0.9/src/video/khronos -DCHECK_FUNCTION_EXISTS=itoa   -o CMakeFiles/cmTC_a41bd.dir/CheckFunctionExists.c.o   -c /Applications/CLion.app/Contents/bin/cmake/mac/share/cmake-3.13/Modules/CheckFunctionExists.c
Linking C executable cmTC_a41bd
/Applications/CLion.app/Contents/bin/cmake/mac/bin/cmake -E cmake_link_script CMakeFiles/cmTC_a41bd.dir/link.txt --verbose=1
/Applications/Xcode.app/Contents/Developer/Toolchains/XcodeDefault.xctoolchain/usr/bin/cc  -idirafter /Users/Kleinman/Documents/Programming/C:C++/DH2323-Computer_Graphics_and_Interaction/libraries/SDL2-2.0.9/src/video/khronos -DCHECK_FUNCTION_EXISTS=itoa -Wl,-search_paths_first -Wl,-headerpad_max_install_names   CMakeFiles/cmTC_a41bd.dir/CheckFunctionExists.c.o  -o cmTC_a41bd 
Undefined symbols for architecture x86_64:
  "_itoa", referenced from:
      _main in CheckFunctionExists.c.o
ld: symbol(s) not found for architecture x86_64
clang: error: linker command failed with exit code 1 (use -v to see invocation)
make[1]: *** [cmTC_a41bd] Error 1
make: *** [cmTC_a41bd/fast] Error 2


Determining if the function _ltoa exists failed with the following output:
Change Dir: /Users/Kleinman/Documents/Programming/C:C++/DH2323-Computer_Graphics_and_Interaction/cmake-build-release/CMakeFiles/CMakeTmp

Run Build Command:"/usr/bin/make" "cmTC_e009c/fast"
/Applications/Xcode.app/Contents/Developer/usr/bin/make -f CMakeFiles/cmTC_e009c.dir/build.make CMakeFiles/cmTC_e009c.dir/build
Building C object CMakeFiles/cmTC_e009c.dir/CheckFunctionExists.c.o
/Applications/Xcode.app/Contents/Developer/Toolchains/XcodeDefault.xctoolchain/usr/bin/cc   -idirafter /Users/Kleinman/Documents/Programming/C:C++/DH2323-Computer_Graphics_and_Interaction/libraries/SDL2-2.0.9/src/video/khronos -DCHECK_FUNCTION_EXISTS=_ltoa   -o CMakeFiles/cmTC_e009c.dir/CheckFunctionExists.c.o   -c /Applications/CLion.app/Contents/bin/cmake/mac/share/cmake-3.13/Modules/CheckFunctionExists.c
Linking C executable cmTC_e009c
/Applications/CLion.app/Contents/bin/cmake/mac/bin/cmake -E cmake_link_script CMakeFiles/cmTC_e009c.dir/link.txt --verbose=1
/Applications/Xcode.app/Contents/Developer/Toolchains/XcodeDefault.xctoolchain/usr/bin/cc  -idirafter /Users/Kleinman/Documents/Programming/C:C++/DH2323-Computer_Graphics_and_Interaction/libraries/SDL2-2.0.9/src/video/khronos -DCHECK_FUNCTION_EXISTS=_ltoa -Wl,-search_paths_first -Wl,-headerpad_max_install_names   CMakeFiles/cmTC_e009c.dir/CheckFunctionExists.c.o  -o cmTC_e009c 
Undefined symbols for architecture x86_64:
  "__ltoa", referenced from:
      _main in CheckFunctionExists.c.o
ld: symbol(s) not found for architecture x86_64
clang: error: linker command failed with exit code 1 (use -v to see invocation)
make[1]: *** [cmTC_e009c] Error 1
make: *** [cmTC_e009c/fast] Error 2


Determining if the function _uitoa exists failed with the following output:
Change Dir: /Users/Kleinman/Documents/Programming/C:C++/DH2323-Computer_Graphics_and_Interaction/cmake-build-release/CMakeFiles/CMakeTmp

Run Build Command:"/usr/bin/make" "cmTC_2fac0/fast"
/Applications/Xcode.app/Contents/Developer/usr/bin/make -f CMakeFiles/cmTC_2fac0.dir/build.make CMakeFiles/cmTC_2fac0.dir/build
Building C object CMakeFiles/cmTC_2fac0.dir/CheckFunctionExists.c.o
/Applications/Xcode.app/Contents/Developer/Toolchains/XcodeDefault.xctoolchain/usr/bin/cc   -idirafter /Users/Kleinman/Documents/Programming/C:C++/DH2323-Computer_Graphics_and_Interaction/libraries/SDL2-2.0.9/src/video/khronos -DCHECK_FUNCTION_EXISTS=_uitoa   -o CMakeFiles/cmTC_2fac0.dir/CheckFunctionExists.c.o   -c /Applications/CLion.app/Contents/bin/cmake/mac/share/cmake-3.13/Modules/CheckFunctionExists.c
Linking C executable cmTC_2fac0
/Applications/CLion.app/Contents/bin/cmake/mac/bin/cmake -E cmake_link_script CMakeFiles/cmTC_2fac0.dir/link.txt --verbose=1
/Applications/Xcode.app/Contents/Developer/Toolchains/XcodeDefault.xctoolchain/usr/bin/cc  -idirafter /Users/Kleinman/Documents/Programming/C:C++/DH2323-Computer_Graphics_and_Interaction/libraries/SDL2-2.0.9/src/video/khronos -DCHECK_FUNCTION_EXISTS=_uitoa -Wl,-search_paths_first -Wl,-headerpad_max_install_names   CMakeFiles/cmTC_2fac0.dir/CheckFunctionExists.c.o  -o cmTC_2fac0 
Undefined symbols for architecture x86_64:
  "__uitoa", referenced from:
      _main in CheckFunctionExists.c.o
ld: symbol(s) not found for architecture x86_64
clang: error: linker command failed with exit code 1 (use -v to see invocation)
make[1]: *** [cmTC_2fac0] Error 1
make: *** [cmTC_2fac0/fast] Error 2


Determining if the function _ultoa exists failed with the following output:
Change Dir: /Users/Kleinman/Documents/Programming/C:C++/DH2323-Computer_Graphics_and_Interaction/cmake-build-release/CMakeFiles/CMakeTmp

Run Build Command:"/usr/bin/make" "cmTC_a6773/fast"
/Applications/Xcode.app/Contents/Developer/usr/bin/make -f CMakeFiles/cmTC_a6773.dir/build.make CMakeFiles/cmTC_a6773.dir/build
Building C object CMakeFiles/cmTC_a6773.dir/CheckFunctionExists.c.o
/Applications/Xcode.app/Contents/Developer/Toolchains/XcodeDefault.xctoolchain/usr/bin/cc   -idirafter /Users/Kleinman/Documents/Programming/C:C++/DH2323-Computer_Graphics_and_Interaction/libraries/SDL2-2.0.9/src/video/khronos -DCHECK_FUNCTION_EXISTS=_ultoa   -o CMakeFiles/cmTC_a6773.dir/CheckFunctionExists.c.o   -c /Applications/CLion.app/Contents/bin/cmake/mac/share/cmake-3.13/Modules/CheckFunctionExists.c
Linking C executable cmTC_a6773
/Applications/CLion.app/Contents/bin/cmake/mac/bin/cmake -E cmake_link_script CMakeFiles/cmTC_a6773.dir/link.txt --verbose=1
/Applications/Xcode.app/Contents/Developer/Toolchains/XcodeDefault.xctoolchain/usr/bin/cc  -idirafter /Users/Kleinman/Documents/Programming/C:C++/DH2323-Computer_Graphics_and_Interaction/libraries/SDL2-2.0.9/src/video/khronos -DCHECK_FUNCTION_EXISTS=_ultoa -Wl,-search_paths_first -Wl,-headerpad_max_install_names   CMakeFiles/cmTC_a6773.dir/CheckFunctionExists.c.o  -o cmTC_a6773 
Undefined symbols for architecture x86_64:
  "__ultoa", referenced from:
      _main in CheckFunctionExists.c.o
ld: symbol(s) not found for architecture x86_64
clang: error: linker command failed with exit code 1 (use -v to see invocation)
make[1]: *** [cmTC_a6773] Error 1
make: *** [cmTC_a6773/fast] Error 2


Determining if the function _i64toa exists failed with the following output:
Change Dir: /Users/Kleinman/Documents/Programming/C:C++/DH2323-Computer_Graphics_and_Interaction/cmake-build-release/CMakeFiles/CMakeTmp

Run Build Command:"/usr/bin/make" "cmTC_ef799/fast"
/Applications/Xcode.app/Contents/Developer/usr/bin/make -f CMakeFiles/cmTC_ef799.dir/build.make CMakeFiles/cmTC_ef799.dir/build
Building C object CMakeFiles/cmTC_ef799.dir/CheckFunctionExists.c.o
/Applications/Xcode.app/Contents/Developer/Toolchains/XcodeDefault.xctoolchain/usr/bin/cc   -idirafter /Users/Kleinman/Documents/Programming/C:C++/DH2323-Computer_Graphics_and_Interaction/libraries/SDL2-2.0.9/src/video/khronos -DCHECK_FUNCTION_EXISTS=_i64toa   -o CMakeFiles/cmTC_ef799.dir/CheckFunctionExists.c.o   -c /Applications/CLion.app/Contents/bin/cmake/mac/share/cmake-3.13/Modules/CheckFunctionExists.c
Linking C executable cmTC_ef799
/Applications/CLion.app/Contents/bin/cmake/mac/bin/cmake -E cmake_link_script CMakeFiles/cmTC_ef799.dir/link.txt --verbose=1
/Applications/Xcode.app/Contents/Developer/Toolchains/XcodeDefault.xctoolchain/usr/bin/cc  -idirafter /Users/Kleinman/Documents/Programming/C:C++/DH2323-Computer_Graphics_and_Interaction/libraries/SDL2-2.0.9/src/video/khronos -DCHECK_FUNCTION_EXISTS=_i64toa -Wl,-search_paths_first -Wl,-headerpad_max_install_names   CMakeFiles/cmTC_ef799.dir/CheckFunctionExists.c.o  -o cmTC_ef799 
Undefined symbols for architecture x86_64:
  "__i64toa", referenced from:
      _main in CheckFunctionExists.c.o
ld: symbol(s) not found for architecture x86_64
clang: error: linker command failed with exit code 1 (use -v to see invocation)
make[1]: *** [cmTC_ef799] Error 1
make: *** [cmTC_ef799/fast] Error 2


Determining if the function _ui64toa exists failed with the following output:
Change Dir: /Users/Kleinman/Documents/Programming/C:C++/DH2323-Computer_Graphics_and_Interaction/cmake-build-release/CMakeFiles/CMakeTmp

Run Build Command:"/usr/bin/make" "cmTC_813d4/fast"
/Applications/Xcode.app/Contents/Developer/usr/bin/make -f CMakeFiles/cmTC_813d4.dir/build.make CMakeFiles/cmTC_813d4.dir/build
Building C object CMakeFiles/cmTC_813d4.dir/CheckFunctionExists.c.o
/Applications/Xcode.app/Contents/Developer/Toolchains/XcodeDefault.xctoolchain/usr/bin/cc   -idirafter /Users/Kleinman/Documents/Programming/C:C++/DH2323-Computer_Graphics_and_Interaction/libraries/SDL2-2.0.9/src/video/khronos -DCHECK_FUNCTION_EXISTS=_ui64toa   -o CMakeFiles/cmTC_813d4.dir/CheckFunctionExists.c.o   -c /Applications/CLion.app/Contents/bin/cmake/mac/share/cmake-3.13/Modules/CheckFunctionExists.c
Linking C executable cmTC_813d4
/Applications/CLion.app/Contents/bin/cmake/mac/bin/cmake -E cmake_link_script CMakeFiles/cmTC_813d4.dir/link.txt --verbose=1
/Applications/Xcode.app/Contents/Developer/Toolchains/XcodeDefault.xctoolchain/usr/bin/cc  -idirafter /Users/Kleinman/Documents/Programming/C:C++/DH2323-Computer_Graphics_and_Interaction/libraries/SDL2-2.0.9/src/video/khronos -DCHECK_FUNCTION_EXISTS=_ui64toa -Wl,-search_paths_first -Wl,-headerpad_max_install_names   CMakeFiles/cmTC_813d4.dir/CheckFunctionExists.c.o  -o cmTC_813d4 
Undefined symbols for architecture x86_64:
  "__ui64toa", referenced from:
      _main in CheckFunctionExists.c.o
ld: symbol(s) not found for architecture x86_64
clang: error: linker command failed with exit code 1 (use -v to see invocation)
make[1]: *** [cmTC_813d4] Error 1
make: *** [cmTC_813d4/fast] Error 2


Determining if the function _stricmp exists failed with the following output:
Change Dir: /Users/Kleinman/Documents/Programming/C:C++/DH2323-Computer_Graphics_and_Interaction/cmake-build-release/CMakeFiles/CMakeTmp

Run Build Command:"/usr/bin/make" "cmTC_780f6/fast"
/Applications/Xcode.app/Contents/Developer/usr/bin/make -f CMakeFiles/cmTC_780f6.dir/build.make CMakeFiles/cmTC_780f6.dir/build
Building C object CMakeFiles/cmTC_780f6.dir/CheckFunctionExists.c.o
/Applications/Xcode.app/Contents/Developer/Toolchains/XcodeDefault.xctoolchain/usr/bin/cc   -idirafter /Users/Kleinman/Documents/Programming/C:C++/DH2323-Computer_Graphics_and_Interaction/libraries/SDL2-2.0.9/src/video/khronos -DCHECK_FUNCTION_EXISTS=_stricmp   -o CMakeFiles/cmTC_780f6.dir/CheckFunctionExists.c.o   -c /Applications/CLion.app/Contents/bin/cmake/mac/share/cmake-3.13/Modules/CheckFunctionExists.c
Linking C executable cmTC_780f6
/Applications/CLion.app/Contents/bin/cmake/mac/bin/cmake -E cmake_link_script CMakeFiles/cmTC_780f6.dir/link.txt --verbose=1
/Applications/Xcode.app/Contents/Developer/Toolchains/XcodeDefault.xctoolchain/usr/bin/cc  -idirafter /Users/Kleinman/Documents/Programming/C:C++/DH2323-Computer_Graphics_and_Interaction/libraries/SDL2-2.0.9/src/video/khronos -DCHECK_FUNCTION_EXISTS=_stricmp -Wl,-search_paths_first -Wl,-headerpad_max_install_names   CMakeFiles/cmTC_780f6.dir/CheckFunctionExists.c.o  -o cmTC_780f6 
Undefined symbols for architecture x86_64:
  "__stricmp", referenced from:
      _main in CheckFunctionExists.c.o
ld: symbol(s) not found for architecture x86_64
clang: error: linker command failed with exit code 1 (use -v to see invocation)
make[1]: *** [cmTC_780f6] Error 1
make: *** [cmTC_780f6/fast] Error 2


Determining if the function _strnicmp exists failed with the following output:
Change Dir: /Users/Kleinman/Documents/Programming/C:C++/DH2323-Computer_Graphics_and_Interaction/cmake-build-release/CMakeFiles/CMakeTmp

Run Build Command:"/usr/bin/make" "cmTC_00611/fast"
/Applications/Xcode.app/Contents/Developer/usr/bin/make -f CMakeFiles/cmTC_00611.dir/build.make CMakeFiles/cmTC_00611.dir/build
Building C object CMakeFiles/cmTC_00611.dir/CheckFunctionExists.c.o
/Applications/Xcode.app/Contents/Developer/Toolchains/XcodeDefault.xctoolchain/usr/bin/cc   -idirafter /Users/Kleinman/Documents/Programming/C:C++/DH2323-Computer_Graphics_and_Interaction/libraries/SDL2-2.0.9/src/video/khronos -DCHECK_FUNCTION_EXISTS=_strnicmp   -o CMakeFiles/cmTC_00611.dir/CheckFunctionExists.c.o   -c /Applications/CLion.app/Contents/bin/cmake/mac/share/cmake-3.13/Modules/CheckFunctionExists.c
Linking C executable cmTC_00611
/Applications/CLion.app/Contents/bin/cmake/mac/bin/cmake -E cmake_link_script CMakeFiles/cmTC_00611.dir/link.txt --verbose=1
/Applications/Xcode.app/Contents/Developer/Toolchains/XcodeDefault.xctoolchain/usr/bin/cc  -idirafter /Users/Kleinman/Documents/Programming/C:C++/DH2323-Computer_Graphics_and_Interaction/libraries/SDL2-2.0.9/src/video/khronos -DCHECK_FUNCTION_EXISTS=_strnicmp -Wl,-search_paths_first -Wl,-headerpad_max_install_names   CMakeFiles/cmTC_00611.dir/CheckFunctionExists.c.o  -o cmTC_00611 
Undefined symbols for architecture x86_64:
  "__strnicmp", referenced from:
      _main in CheckFunctionExists.c.o
ld: symbol(s) not found for architecture x86_64
clang: error: linker command failed with exit code 1 (use -v to see invocation)
make[1]: *** [cmTC_00611] Error 1
make: *** [cmTC_00611/fast] Error 2


Determining if the function fopen64 exists failed with the following output:
Change Dir: /Users/Kleinman/Documents/Programming/C:C++/DH2323-Computer_Graphics_and_Interaction/cmake-build-release/CMakeFiles/CMakeTmp

Run Build Command:"/usr/bin/make" "cmTC_47e03/fast"
/Applications/Xcode.app/Contents/Developer/usr/bin/make -f CMakeFiles/cmTC_47e03.dir/build.make CMakeFiles/cmTC_47e03.dir/build
Building C object CMakeFiles/cmTC_47e03.dir/CheckFunctionExists.c.o
/Applications/Xcode.app/Contents/Developer/Toolchains/XcodeDefault.xctoolchain/usr/bin/cc   -idirafter /Users/Kleinman/Documents/Programming/C:C++/DH2323-Computer_Graphics_and_Interaction/libraries/SDL2-2.0.9/src/video/khronos -DCHECK_FUNCTION_EXISTS=fopen64   -o CMakeFiles/cmTC_47e03.dir/CheckFunctionExists.c.o   -c /Applications/CLion.app/Contents/bin/cmake/mac/share/cmake-3.13/Modules/CheckFunctionExists.c
Linking C executable cmTC_47e03
/Applications/CLion.app/Contents/bin/cmake/mac/bin/cmake -E cmake_link_script CMakeFiles/cmTC_47e03.dir/link.txt --verbose=1
/Applications/Xcode.app/Contents/Developer/Toolchains/XcodeDefault.xctoolchain/usr/bin/cc  -idirafter /Users/Kleinman/Documents/Programming/C:C++/DH2323-Computer_Graphics_and_Interaction/libraries/SDL2-2.0.9/src/video/khronos -DCHECK_FUNCTION_EXISTS=fopen64 -Wl,-search_paths_first -Wl,-headerpad_max_install_names   CMakeFiles/cmTC_47e03.dir/CheckFunctionExists.c.o  -o cmTC_47e03 
Undefined symbols for architecture x86_64:
  "_fopen64", referenced from:
      _main in CheckFunctionExists.c.o
ld: symbol(s) not found for architecture x86_64
clang: error: linker command failed with exit code 1 (use -v to see invocation)
make[1]: *** [cmTC_47e03] Error 1
make: *** [cmTC_47e03/fast] Error 2


Determining if the function fseeko64 exists failed with the following output:
Change Dir: /Users/Kleinman/Documents/Programming/C:C++/DH2323-Computer_Graphics_and_Interaction/cmake-build-release/CMakeFiles/CMakeTmp

Run Build Command:"/usr/bin/make" "cmTC_5c3bd/fast"
/Applications/Xcode.app/Contents/Developer/usr/bin/make -f CMakeFiles/cmTC_5c3bd.dir/build.make CMakeFiles/cmTC_5c3bd.dir/build
Building C object CMakeFiles/cmTC_5c3bd.dir/CheckFunctionExists.c.o
/Applications/Xcode.app/Contents/Developer/Toolchains/XcodeDefault.xctoolchain/usr/bin/cc   -idirafter /Users/Kleinman/Documents/Programming/C:C++/DH2323-Computer_Graphics_and_Interaction/libraries/SDL2-2.0.9/src/video/khronos -DCHECK_FUNCTION_EXISTS=fseeko64   -o CMakeFiles/cmTC_5c3bd.dir/CheckFunctionExists.c.o   -c /Applications/CLion.app/Contents/bin/cmake/mac/share/cmake-3.13/Modules/CheckFunctionExists.c
Linking C executable cmTC_5c3bd
/Applications/CLion.app/Contents/bin/cmake/mac/bin/cmake -E cmake_link_script CMakeFiles/cmTC_5c3bd.dir/link.txt --verbose=1
/Applications/Xcode.app/Contents/Developer/Toolchains/XcodeDefault.xctoolchain/usr/bin/cc  -idirafter /Users/Kleinman/Documents/Programming/C:C++/DH2323-Computer_Graphics_and_Interaction/libraries/SDL2-2.0.9/src/video/khronos -DCHECK_FUNCTION_EXISTS=fseeko64 -Wl,-search_paths_first -Wl,-headerpad_max_install_names   CMakeFiles/cmTC_5c3bd.dir/CheckFunctionExists.c.o  -o cmTC_5c3bd 
Undefined symbols for architecture x86_64:
  "_fseeko64", referenced from:
      _main in CheckFunctionExists.c.o
ld: symbol(s) not found for architecture x86_64
clang: error: linker command failed with exit code 1 (use -v to see invocation)
make[1]: *** [cmTC_5c3bd] Error 1
make: *** [cmTC_5c3bd/fast] Error 2


Determining if the function getauxval exists failed with the following output:
Change Dir: /Users/Kleinman/Documents/Programming/C:C++/DH2323-Computer_Graphics_and_Interaction/cmake-build-release/CMakeFiles/CMakeTmp

Run Build Command:"/usr/bin/make" "cmTC_f8f2f/fast"
/Applications/Xcode.app/Contents/Developer/usr/bin/make -f CMakeFiles/cmTC_f8f2f.dir/build.make CMakeFiles/cmTC_f8f2f.dir/build
Building C object CMakeFiles/cmTC_f8f2f.dir/CheckFunctionExists.c.o
/Applications/Xcode.app/Contents/Developer/Toolchains/XcodeDefault.xctoolchain/usr/bin/cc   -idirafter /Users/Kleinman/Documents/Programming/C:C++/DH2323-Computer_Graphics_and_Interaction/libraries/SDL2-2.0.9/src/video/khronos -DCHECK_FUNCTION_EXISTS=getauxval   -o CMakeFiles/cmTC_f8f2f.dir/CheckFunctionExists.c.o   -c /Applications/CLion.app/Contents/bin/cmake/mac/share/cmake-3.13/Modules/CheckFunctionExists.c
Linking C executable cmTC_f8f2f
/Applications/CLion.app/Contents/bin/cmake/mac/bin/cmake -E cmake_link_script CMakeFiles/cmTC_f8f2f.dir/link.txt --verbose=1
/Applications/Xcode.app/Contents/Developer/Toolchains/XcodeDefault.xctoolchain/usr/bin/cc  -idirafter /Users/Kleinman/Documents/Programming/C:C++/DH2323-Computer_Graphics_and_Interaction/libraries/SDL2-2.0.9/src/video/khronos -DCHECK_FUNCTION_EXISTS=getauxval -Wl,-search_paths_first -Wl,-headerpad_max_install_names   CMakeFiles/cmTC_f8f2f.dir/CheckFunctionExists.c.o  -o cmTC_f8f2f 
Undefined symbols for architecture x86_64:
  "_getauxval", referenced from:
      _main in CheckFunctionExists.c.o
ld: symbol(s) not found for architecture x86_64
clang: error: linker command failed with exit code 1 (use -v to see invocation)
make[1]: *** [cmTC_f8f2f] Error 1
make: *** [cmTC_f8f2f/fast] Error 2


Performing C SOURCE FILE Test HAVE_SEM_TIMEDWAIT failed with the following output:
Change Dir: /Users/Kleinman/Documents/Programming/C:C++/DH2323-Computer_Graphics_and_Interaction/cmake-build-release/CMakeFiles/CMakeTmp

Run Build Command:"/usr/bin/make" "cmTC_9d5c2/fast"
/Applications/Xcode.app/Contents/Developer/usr/bin/make -f CMakeFiles/cmTC_9d5c2.dir/build.make CMakeFiles/cmTC_9d5c2.dir/build
Building C object CMakeFiles/cmTC_9d5c2.dir/src.c.o
/Applications/Xcode.app/Contents/Developer/Toolchains/XcodeDefault.xctoolchain/usr/bin/cc   -idirafter /Users/Kleinman/Documents/Programming/C:C++/DH2323-Computer_Graphics_and_Interaction/libraries/SDL2-2.0.9/src/video/khronos -DHAVE_SEM_TIMEDWAIT  -D_THREAD_SAFE   -o CMakeFiles/cmTC_9d5c2.dir/src.c.o   -c /Users/Kleinman/Documents/Programming/C:C++/DH2323-Computer_Graphics_and_Interaction/cmake-build-release/CMakeFiles/CMakeTmp/src.c
/Users/Kleinman/Documents/Programming/C:C++/DH2323-Computer_Graphics_and_Interaction/cmake-build-release/CMakeFiles/CMakeTmp/src.c:5:19: warning: implicit declaration of function 'sem_timedwait' is invalid in C99 [-Wimplicit-function-declaration]
                  sem_timedwait(NULL, NULL);
                  ^
1 warning generated.
Linking C executable cmTC_9d5c2
/Applications/CLion.app/Contents/bin/cmake/mac/bin/cmake -E cmake_link_script CMakeFiles/cmTC_9d5c2.dir/link.txt --verbose=1
/Applications/Xcode.app/Contents/Developer/Toolchains/XcodeDefault.xctoolchain/usr/bin/cc  -idirafter /Users/Kleinman/Documents/Programming/C:C++/DH2323-Computer_Graphics_and_Interaction/libraries/SDL2-2.0.9/src/video/khronos -DHAVE_SEM_TIMEDWAIT  -D_THREAD_SAFE -Wl,-search_paths_first -Wl,-headerpad_max_install_names   CMakeFiles/cmTC_9d5c2.dir/src.c.o  -o cmTC_9d5c2 
Undefined symbols for architecture x86_64:
  "_sem_timedwait", referenced from:
      _main in src.c.o
ld: symbol(s) not found for architecture x86_64
clang: error: linker command failed with exit code 1 (use -v to see invocation)
make[1]: *** [cmTC_9d5c2] Error 1
make: *** [cmTC_9d5c2/fast] Error 2

Source file was:

              #include <pthread.h>
              #include <semaphore.h>
              int main(int argc, char **argv) {
                  sem_timedwait(NULL, NULL);
                  return 0;
              }
Performing C SOURCE FILE Test HAVE_PTHREAD_NP_H failed with the following output:
Change Dir: /Users/Kleinman/Documents/Programming/C:C++/DH2323-Computer_Graphics_and_Interaction/cmake-build-release/CMakeFiles/CMakeTmp

Run Build Command:"/usr/bin/make" "cmTC_edb29/fast"
/Applications/Xcode.app/Contents/Developer/usr/bin/make -f CMakeFiles/cmTC_edb29.dir/build.make CMakeFiles/cmTC_edb29.dir/build
Building C object CMakeFiles/cmTC_edb29.dir/src.c.o
/Applications/Xcode.app/Contents/Developer/Toolchains/XcodeDefault.xctoolchain/usr/bin/cc   -idirafter /Users/Kleinman/Documents/Programming/C:C++/DH2323-Computer_Graphics_and_Interaction/libraries/SDL2-2.0.9/src/video/khronos -DHAVE_PTHREAD_NP_H  -D_THREAD_SAFE   -o CMakeFiles/cmTC_edb29.dir/src.c.o   -c /Users/Kleinman/Documents/Programming/C:C++/DH2323-Computer_Graphics_and_Interaction/cmake-build-release/CMakeFiles/CMakeTmp/src.c
/Users/Kleinman/Documents/Programming/C:C++/DH2323-Computer_Graphics_and_Interaction/cmake-build-release/CMakeFiles/CMakeTmp/src.c:3:20: fatal error: 'pthread_np.h' file not found
          #include <pthread_np.h>
                   ^~~~~~~~~~~~~~
1 error generated.
make[1]: *** [CMakeFiles/cmTC_edb29.dir/src.c.o] Error 1
make: *** [cmTC_edb29/fast] Error 2

Source file was:

          #include <pthread.h>
          #include <pthread_np.h>
          int main(int argc, char** argv) { return 0; }
Determining if the function pthread_set_name_np exists failed with the following output:
Change Dir: /Users/Kleinman/Documents/Programming/C:C++/DH2323-Computer_Graphics_and_Interaction/cmake-build-release/CMakeFiles/CMakeTmp

Run Build Command:"/usr/bin/make" "cmTC_e9165/fast"
/Applications/Xcode.app/Contents/Developer/usr/bin/make -f CMakeFiles/cmTC_e9165.dir/build.make CMakeFiles/cmTC_e9165.dir/build
Building C object CMakeFiles/cmTC_e9165.dir/CheckFunctionExists.c.o
/Applications/Xcode.app/Contents/Developer/Toolchains/XcodeDefault.xctoolchain/usr/bin/cc   -idirafter /Users/Kleinman/Documents/Programming/C:C++/DH2323-Computer_Graphics_and_Interaction/libraries/SDL2-2.0.9/src/video/khronos -DCHECK_FUNCTION_EXISTS=pthread_set_name_np  -D_THREAD_SAFE   -o CMakeFiles/cmTC_e9165.dir/CheckFunctionExists.c.o   -c /Applications/CLion.app/Contents/bin/cmake/mac/share/cmake-3.13/Modules/CheckFunctionExists.c
Linking C executable cmTC_e9165
/Applications/CLion.app/Contents/bin/cmake/mac/bin/cmake -E cmake_link_script CMakeFiles/cmTC_e9165.dir/link.txt --verbose=1
/Applications/Xcode.app/Contents/Developer/Toolchains/XcodeDefault.xctoolchain/usr/bin/cc  -idirafter /Users/Kleinman/Documents/Programming/C:C++/DH2323-Computer_Graphics_and_Interaction/libraries/SDL2-2.0.9/src/video/khronos -DCHECK_FUNCTION_EXISTS=pthread_set_name_np  -D_THREAD_SAFE -Wl,-search_paths_first -Wl,-headerpad_max_install_names   CMakeFiles/cmTC_e9165.dir/CheckFunctionExists.c.o  -o cmTC_e9165 
Undefined symbols for architecture x86_64:
  "_pthread_set_name_np", referenced from:
      _main in CheckFunctionExists.c.o
ld: symbol(s) not found for architecture x86_64
clang: error: linker command failed with exit code 1 (use -v to see invocation)
make[1]: *** [cmTC_e9165] Error 1
make: *** [cmTC_e9165/fast] Error 2


Detecting C [-std=c11] compiler features failed to compile with the following output:
Change Dir: /Users/Kleinman/Documents/Programming/C:C++/DH2323-Computer_Graphics_and_Interaction/cmake-build-release/CMakeFiles/CMakeTmp

Run Build Command:"/usr/bin/make" "cmTC_81033/fast"
/Applications/Xcode.app/Contents/Developer/usr/bin/make -f CMakeFiles/cmTC_81033.dir/build.make CMakeFiles/cmTC_81033.dir/build
CMakeFiles/cmTC_81033.dir/build.make:64: *** target pattern contains no `%'.  Stop.
make: *** [cmTC_81033/fast] Error 2



Detecting CXX [-std=c++1z] compiler features failed to compile with the following output:
Change Dir: /Users/Kleinman/Documents/Programming/C:C++/DH2323-Computer_Graphics_and_Interaction/cmake-build-release/CMakeFiles/CMakeTmp

Run Build Command:"/usr/bin/make" "cmTC_99dd4/fast"
/Applications/Xcode.app/Contents/Developer/usr/bin/make -f CMakeFiles/cmTC_99dd4.dir/build.make CMakeFiles/cmTC_99dd4.dir/build
CMakeFiles/cmTC_99dd4.dir/build.make:64: *** target pattern contains no `%'.  Stop.
make: *** [cmTC_99dd4/fast] Error 2



